[0.006s] Invoking command in '/home/broodjesemih/ros2_ws/build/my_robot_interfaces': CMAKE_PREFIX_PATH=${CMAKE_PREFIX_PATH}:/opt/ros/jazzy DEBUGINFOD_URLS=https://debuginfod.ubuntu.com /usr/bin/cmake --build /home/broodjesemih/ros2_ws/build/my_robot_interfaces -- -j20 -l20
[0.026s] -- Found ament_cmake: 2.5.4 (/opt/ros/jazzy/share/ament_cmake/cmake)
[0.046s] -- Found Python3: /usr/bin/python3 (found version "3.12.3") found components: Interpreter 
[0.094s] -- Found rosidl_default_generators: 1.6.0 (/opt/ros/jazzy/share/rosidl_default_generators/cmake)
[0.095s] -- Using all available rosidl_typesupport_c: rosidl_typesupport_fastrtps_c;rosidl_typesupport_introspection_c
[0.116s] -- Using all available rosidl_typesupport_cpp: rosidl_typesupport_fastrtps_cpp;rosidl_typesupport_introspection_cpp
[0.132s] -- Found rosidl_adapter: 4.6.6 (/opt/ros/jazzy/share/rosidl_adapter/cmake)
[0.291s] -- Found ament_cmake_ros: 0.12.0 (/opt/ros/jazzy/share/ament_cmake_ros/cmake)
[0.345s] -- Using all available rosidl_typesupport_c: rosidl_typesupport_fastrtps_c;rosidl_typesupport_introspection_c
[0.420s] -- Using all available rosidl_typesupport_cpp: rosidl_typesupport_fastrtps_cpp;rosidl_typesupport_introspection_cpp
[0.421s] -- Found python_cmake_module: 0.11.1 (/opt/ros/jazzy/share/python_cmake_module/cmake)
[0.595s] -- Found Python3: /usr/bin/python3 (found version "3.12.3") found components: Interpreter Development NumPy Development.Module Development.Embed 
[0.600s] -- Found ament_lint_auto: 0.17.3 (/opt/ros/jazzy/share/ament_lint_auto/cmake)
[0.605s] -- Added test 'lint_cmake' to check CMake code style
[0.605s] -- Added test 'xmllint' to check XML markup files
[0.606s] -- Configuring done (0.6s)
[0.620s] -- Generating done (0.0s)
[0.626s] -- Build files have been written to: /home/broodjesemih/ros2_ws/build/my_robot_interfaces
[0.654s] [  2%] Built target my_robot_interfaces__rosidl_generator_type_description
[0.659s] [  2%] Built target ament_cmake_python_copy_my_robot_interfaces
[0.670s] [ 17%] Built target my_robot_interfaces__rosidl_generator_c
[0.670s] [ 20%] Built target my_robot_interfaces__cpp
[0.686s] [ 29%] Built target my_robot_interfaces__rosidl_typesupport_c
[0.687s] [ 38%] Built target my_robot_interfaces__rosidl_typesupport_fastrtps_c
[0.687s] [ 47%] Built target my_robot_interfaces__rosidl_typesupport_fastrtps_cpp
[0.688s] [ 55%] Built target my_robot_interfaces__rosidl_typesupport_introspection_c
[0.704s] [ 64%] Built target my_robot_interfaces__rosidl_typesupport_cpp
[0.704s] [ 73%] Built target my_robot_interfaces__rosidl_typesupport_introspection_cpp
[0.722s] [ 73%] Built target my_robot_interfaces
[0.738s] [ 76%] Built target my_robot_interfaces__py
[0.755s] [ 82%] Built target my_robot_interfaces__rosidl_generator_py
[0.772s] [ 88%] Built target my_robot_interfaces_s__rosidl_typesupport_introspection_c
[0.772s] [ 94%] Built target my_robot_interfaces_s__rosidl_typesupport_fastrtps_c
[0.773s] [100%] Built target my_robot_interfaces_s__rosidl_typesupport_c
[0.781s] running egg_info
[0.791s] writing my_robot_interfaces.egg-info/PKG-INFO
[0.792s] writing dependency_links to my_robot_interfaces.egg-info/dependency_links.txt
[0.792s] writing top-level names to my_robot_interfaces.egg-info/top_level.txt
[0.818s] reading manifest file 'my_robot_interfaces.egg-info/SOURCES.txt'
[0.819s] writing manifest file 'my_robot_interfaces.egg-info/SOURCES.txt'
[0.836s] [100%] Built target ament_cmake_python_build_my_robot_interfaces_egg
[0.844s] Invoked command in '/home/broodjesemih/ros2_ws/build/my_robot_interfaces' returned '0': CMAKE_PREFIX_PATH=${CMAKE_PREFIX_PATH}:/opt/ros/jazzy DEBUGINFOD_URLS=https://debuginfod.ubuntu.com /usr/bin/cmake --build /home/broodjesemih/ros2_ws/build/my_robot_interfaces -- -j20 -l20
[0.852s] Invoking command in '/home/broodjesemih/ros2_ws/build/my_robot_interfaces': CMAKE_PREFIX_PATH=${CMAKE_PREFIX_PATH}:/opt/ros/jazzy DEBUGINFOD_URLS=https://debuginfod.ubuntu.com /usr/bin/cmake --install /home/broodjesemih/ros2_ws/build/my_robot_interfaces
[0.858s] -- Install configuration: ""
[0.858s] -- Up-to-date: /home/broodjesemih/ros2_ws/install/my_robot_interfaces/share/ament_index/resource_index/rosidl_interfaces/my_robot_interfaces
[0.858s] -- Up-to-date: /home/broodjesemih/ros2_ws/install/my_robot_interfaces/share/my_robot_interfaces/msg/HardwareStatus.json
[0.859s] -- Up-to-date: /home/broodjesemih/ros2_ws/install/my_robot_interfaces/include/my_robot_interfaces/my_robot_interfaces
[0.859s] -- Up-to-date: /home/broodjesemih/ros2_ws/install/my_robot_interfaces/include/my_robot_interfaces/my_robot_interfaces/msg
[0.859s] -- Up-to-date: /home/broodjesemih/ros2_ws/install/my_robot_interfaces/include/my_robot_interfaces/my_robot_interfaces/msg/rosidl_generator_c__visibility_control.h
[0.859s] -- Up-to-date: /home/broodjesemih/ros2_ws/install/my_robot_interfaces/include/my_robot_interfaces/my_robot_interfaces/msg/hardware_status.h
[0.859s] -- Up-to-date: /home/broodjesemih/ros2_ws/install/my_robot_interfaces/include/my_robot_interfaces/my_robot_interfaces/msg/detail
[0.859s] -- Up-to-date: /home/broodjesemih/ros2_ws/install/my_robot_interfaces/include/my_robot_interfaces/my_robot_interfaces/msg/detail/hardware_status__functions.c
[0.859s] -- Up-to-date: /home/broodjesemih/ros2_ws/install/my_robot_interfaces/include/my_robot_interfaces/my_robot_interfaces/msg/detail/hardware_status__struct.h
[0.860s] -- Up-to-date: /home/broodjesemih/ros2_ws/install/my_robot_interfaces/include/my_robot_interfaces/my_robot_interfaces/msg/detail/hardware_status__type_support.c
[0.860s] -- Up-to-date: /home/broodjesemih/ros2_ws/install/my_robot_interfaces/include/my_robot_interfaces/my_robot_interfaces/msg/detail/hardware_status__type_support.h
[0.860s] -- Up-to-date: /home/broodjesemih/ros2_ws/install/my_robot_interfaces/include/my_robot_interfaces/my_robot_interfaces/msg/detail/hardware_status__functions.h
[0.860s] -- Up-to-date: /home/broodjesemih/ros2_ws/install/my_robot_interfaces/include/my_robot_interfaces/my_robot_interfaces/msg/detail/hardware_status__description.c
[0.860s] -- Up-to-date: /home/broodjesemih/ros2_ws/install/my_robot_interfaces/share/my_robot_interfaces/environment/library_path.sh
[0.860s] -- Up-to-date: /home/broodjesemih/ros2_ws/install/my_robot_interfaces/share/my_robot_interfaces/environment/library_path.dsv
[0.860s] -- Up-to-date: /home/broodjesemih/ros2_ws/install/my_robot_interfaces/lib/libmy_robot_interfaces__rosidl_generator_c.so
[0.860s] -- Up-to-date: /home/broodjesemih/ros2_ws/install/my_robot_interfaces/include/my_robot_interfaces/my_robot_interfaces
[0.860s] -- Up-to-date: /home/broodjesemih/ros2_ws/install/my_robot_interfaces/include/my_robot_interfaces/my_robot_interfaces/msg
[0.860s] -- Up-to-date: /home/broodjesemih/ros2_ws/install/my_robot_interfaces/include/my_robot_interfaces/my_robot_interfaces/msg/detail
[0.860s] -- Up-to-date: /home/broodjesemih/ros2_ws/install/my_robot_interfaces/include/my_robot_interfaces/my_robot_interfaces/msg/detail/hardware_status__rosidl_typesupport_fastrtps_c.h
[0.861s] -- Up-to-date: /home/broodjesemih/ros2_ws/install/my_robot_interfaces/include/my_robot_interfaces/my_robot_interfaces/msg/rosidl_typesupport_fastrtps_c__visibility_control.h
[0.861s] -- Up-to-date: /home/broodjesemih/ros2_ws/install/my_robot_interfaces/lib/libmy_robot_interfaces__rosidl_typesupport_fastrtps_c.so
[0.861s] -- Up-to-date: /home/broodjesemih/ros2_ws/install/my_robot_interfaces/include/my_robot_interfaces/my_robot_interfaces
[0.861s] -- Up-to-date: /home/broodjesemih/ros2_ws/install/my_robot_interfaces/include/my_robot_interfaces/my_robot_interfaces/msg
[0.861s] -- Up-to-date: /home/broodjesemih/ros2_ws/install/my_robot_interfaces/include/my_robot_interfaces/my_robot_interfaces/msg/rosidl_typesupport_introspection_c__visibility_control.h
[0.861s] -- Up-to-date: /home/broodjesemih/ros2_ws/install/my_robot_interfaces/include/my_robot_interfaces/my_robot_interfaces/msg/detail
[0.861s] -- Up-to-date: /home/broodjesemih/ros2_ws/install/my_robot_interfaces/include/my_robot_interfaces/my_robot_interfaces/msg/detail/hardware_status__type_support.c
[0.861s] -- Up-to-date: /home/broodjesemih/ros2_ws/install/my_robot_interfaces/include/my_robot_interfaces/my_robot_interfaces/msg/detail/hardware_status__rosidl_typesupport_introspection_c.h
[0.861s] -- Up-to-date: /home/broodjesemih/ros2_ws/install/my_robot_interfaces/lib/libmy_robot_interfaces__rosidl_typesupport_introspection_c.so
[0.861s] -- Up-to-date: /home/broodjesemih/ros2_ws/install/my_robot_interfaces/lib/libmy_robot_interfaces__rosidl_typesupport_c.so
[0.861s] -- Up-to-date: /home/broodjesemih/ros2_ws/install/my_robot_interfaces/include/my_robot_interfaces/my_robot_interfaces
[0.861s] -- Up-to-date: /home/broodjesemih/ros2_ws/install/my_robot_interfaces/include/my_robot_interfaces/my_robot_interfaces/msg
[0.861s] -- Up-to-date: /home/broodjesemih/ros2_ws/install/my_robot_interfaces/include/my_robot_interfaces/my_robot_interfaces/msg/rosidl_generator_cpp__visibility_control.hpp
[0.861s] -- Up-to-date: /home/broodjesemih/ros2_ws/install/my_robot_interfaces/include/my_robot_interfaces/my_robot_interfaces/msg/hardware_status.hpp
[0.861s] -- Up-to-date: /home/broodjesemih/ros2_ws/install/my_robot_interfaces/include/my_robot_interfaces/my_robot_interfaces/msg/detail
[0.861s] -- Up-to-date: /home/broodjesemih/ros2_ws/install/my_robot_interfaces/include/my_robot_interfaces/my_robot_interfaces/msg/detail/hardware_status__type_support.hpp
[0.861s] -- Up-to-date: /home/broodjesemih/ros2_ws/install/my_robot_interfaces/include/my_robot_interfaces/my_robot_interfaces/msg/detail/hardware_status__traits.hpp
[0.861s] -- Up-to-date: /home/broodjesemih/ros2_ws/install/my_robot_interfaces/include/my_robot_interfaces/my_robot_interfaces/msg/detail/hardware_status__struct.hpp
[0.861s] -- Up-to-date: /home/broodjesemih/ros2_ws/install/my_robot_interfaces/include/my_robot_interfaces/my_robot_interfaces/msg/detail/hardware_status__builder.hpp
[0.861s] -- Up-to-date: /home/broodjesemih/ros2_ws/install/my_robot_interfaces/include/my_robot_interfaces/my_robot_interfaces
[0.861s] -- Up-to-date: /home/broodjesemih/ros2_ws/install/my_robot_interfaces/include/my_robot_interfaces/my_robot_interfaces/msg
[0.861s] -- Up-to-date: /home/broodjesemih/ros2_ws/install/my_robot_interfaces/include/my_robot_interfaces/my_robot_interfaces/msg/rosidl_typesupport_fastrtps_cpp__visibility_control.h
[0.861s] -- Up-to-date: /home/broodjesemih/ros2_ws/install/my_robot_interfaces/include/my_robot_interfaces/my_robot_interfaces/msg/detail
[0.861s] -- Up-to-date: /home/broodjesemih/ros2_ws/install/my_robot_interfaces/include/my_robot_interfaces/my_robot_interfaces/msg/detail/hardware_status__rosidl_typesupport_fastrtps_cpp.hpp
[0.861s] -- Up-to-date: /home/broodjesemih/ros2_ws/install/my_robot_interfaces/include/my_robot_interfaces/my_robot_interfaces/msg/detail/dds_fastrtps
[0.862s] -- Up-to-date: /home/broodjesemih/ros2_ws/install/my_robot_interfaces/lib/libmy_robot_interfaces__rosidl_typesupport_fastrtps_cpp.so
[0.862s] -- Up-to-date: /home/broodjesemih/ros2_ws/install/my_robot_interfaces/include/my_robot_interfaces/my_robot_interfaces
[0.862s] -- Up-to-date: /home/broodjesemih/ros2_ws/install/my_robot_interfaces/include/my_robot_interfaces/my_robot_interfaces/msg
[0.862s] -- Up-to-date: /home/broodjesemih/ros2_ws/install/my_robot_interfaces/include/my_robot_interfaces/my_robot_interfaces/msg/detail
[0.862s] -- Up-to-date: /home/broodjesemih/ros2_ws/install/my_robot_interfaces/include/my_robot_interfaces/my_robot_interfaces/msg/detail/hardware_status__rosidl_typesupport_introspection_cpp.hpp
[0.862s] -- Up-to-date: /home/broodjesemih/ros2_ws/install/my_robot_interfaces/include/my_robot_interfaces/my_robot_interfaces/msg/detail/hardware_status__type_support.cpp
[0.862s] -- Up-to-date: /home/broodjesemih/ros2_ws/install/my_robot_interfaces/lib/libmy_robot_interfaces__rosidl_typesupport_introspection_cpp.so
[0.862s] -- Up-to-date: /home/broodjesemih/ros2_ws/install/my_robot_interfaces/lib/libmy_robot_interfaces__rosidl_typesupport_cpp.so
[0.862s] -- Up-to-date: /home/broodjesemih/ros2_ws/install/my_robot_interfaces/share/my_robot_interfaces/environment/pythonpath.sh
[0.862s] -- Up-to-date: /home/broodjesemih/ros2_ws/install/my_robot_interfaces/share/my_robot_interfaces/environment/pythonpath.dsv
[0.862s] -- Up-to-date: /home/broodjesemih/ros2_ws/install/my_robot_interfaces/lib/python3.12/site-packages/my_robot_interfaces-0.0.0-py3.12.egg-info
[0.862s] -- Installing: /home/broodjesemih/ros2_ws/install/my_robot_interfaces/lib/python3.12/site-packages/my_robot_interfaces-0.0.0-py3.12.egg-info/top_level.txt
[0.862s] -- Installing: /home/broodjesemih/ros2_ws/install/my_robot_interfaces/lib/python3.12/site-packages/my_robot_interfaces-0.0.0-py3.12.egg-info/dependency_links.txt
[0.862s] -- Installing: /home/broodjesemih/ros2_ws/install/my_robot_interfaces/lib/python3.12/site-packages/my_robot_interfaces-0.0.0-py3.12.egg-info/SOURCES.txt
[0.862s] -- Installing: /home/broodjesemih/ros2_ws/install/my_robot_interfaces/lib/python3.12/site-packages/my_robot_interfaces-0.0.0-py3.12.egg-info/PKG-INFO
[0.862s] -- Up-to-date: /home/broodjesemih/ros2_ws/install/my_robot_interfaces/lib/python3.12/site-packages/my_robot_interfaces
[0.862s] -- Up-to-date: /home/broodjesemih/ros2_ws/install/my_robot_interfaces/lib/python3.12/site-packages/my_robot_interfaces/_my_robot_interfaces_s.ep.rosidl_typesupport_introspection_c.c
[0.862s] -- Up-to-date: /home/broodjesemih/ros2_ws/install/my_robot_interfaces/lib/python3.12/site-packages/my_robot_interfaces/my_robot_interfaces_s__rosidl_typesupport_introspection_c.so
[0.862s] -- Up-to-date: /home/broodjesemih/ros2_ws/install/my_robot_interfaces/lib/python3.12/site-packages/my_robot_interfaces/_my_robot_interfaces_s.ep.rosidl_typesupport_fastrtps_c.c
[0.862s] -- Up-to-date: /home/broodjesemih/ros2_ws/install/my_robot_interfaces/lib/python3.12/site-packages/my_robot_interfaces/_my_robot_interfaces_s.ep.rosidl_typesupport_c.c
[0.862s] -- Up-to-date: /home/broodjesemih/ros2_ws/install/my_robot_interfaces/lib/python3.12/site-packages/my_robot_interfaces/my_robot_interfaces_s__rosidl_typesupport_fastrtps_c.so
[0.862s] -- Up-to-date: /home/broodjesemih/ros2_ws/install/my_robot_interfaces/lib/python3.12/site-packages/my_robot_interfaces/msg
[0.862s] -- Up-to-date: /home/broodjesemih/ros2_ws/install/my_robot_interfaces/lib/python3.12/site-packages/my_robot_interfaces/msg/_hardware_status.py
[0.862s] -- Up-to-date: /home/broodjesemih/ros2_ws/install/my_robot_interfaces/lib/python3.12/site-packages/my_robot_interfaces/msg/_hardware_status_s.c
[0.862s] -- Up-to-date: /home/broodjesemih/ros2_ws/install/my_robot_interfaces/lib/python3.12/site-packages/my_robot_interfaces/msg/__init__.py
[0.862s] -- Up-to-date: /home/broodjesemih/ros2_ws/install/my_robot_interfaces/lib/python3.12/site-packages/my_robot_interfaces/my_robot_interfaces_s__rosidl_typesupport_c.so
[0.862s] -- Installing: /home/broodjesemih/ros2_ws/install/my_robot_interfaces/lib/python3.12/site-packages/my_robot_interfaces/__init__.py
[0.882s] Listing '/home/broodjesemih/ros2_ws/install/my_robot_interfaces/lib/python3.12/site-packages/my_robot_interfaces'...
[0.882s] Compiling '/home/broodjesemih/ros2_ws/install/my_robot_interfaces/lib/python3.12/site-packages/my_robot_interfaces/__init__.py'...
[0.882s] Listing '/home/broodjesemih/ros2_ws/install/my_robot_interfaces/lib/python3.12/site-packages/my_robot_interfaces/msg'...
[0.885s] -- Up-to-date: /home/broodjesemih/ros2_ws/install/my_robot_interfaces/lib/python3.12/site-packages/my_robot_interfaces/my_robot_interfaces_s__rosidl_typesupport_fastrtps_c.so
[0.885s] -- Up-to-date: /home/broodjesemih/ros2_ws/install/my_robot_interfaces/lib/python3.12/site-packages/my_robot_interfaces/my_robot_interfaces_s__rosidl_typesupport_introspection_c.so
[0.885s] -- Up-to-date: /home/broodjesemih/ros2_ws/install/my_robot_interfaces/lib/python3.12/site-packages/my_robot_interfaces/my_robot_interfaces_s__rosidl_typesupport_c.so
[0.886s] -- Up-to-date: /home/broodjesemih/ros2_ws/install/my_robot_interfaces/lib/libmy_robot_interfaces__rosidl_generator_py.so
[0.886s] -- Up-to-date: /home/broodjesemih/ros2_ws/install/my_robot_interfaces/share/my_robot_interfaces/msg/HardwareStatus.idl
[0.886s] -- Installing: /home/broodjesemih/ros2_ws/install/my_robot_interfaces/share/my_robot_interfaces/msg/HardwareStatus.msg
[0.886s] -- Up-to-date: /home/broodjesemih/ros2_ws/install/my_robot_interfaces/share/ament_index/resource_index/package_run_dependencies/my_robot_interfaces
[0.886s] -- Up-to-date: /home/broodjesemih/ros2_ws/install/my_robot_interfaces/share/ament_index/resource_index/parent_prefix_path/my_robot_interfaces
[0.886s] -- Up-to-date: /home/broodjesemih/ros2_ws/install/my_robot_interfaces/share/my_robot_interfaces/environment/ament_prefix_path.sh
[0.886s] -- Up-to-date: /home/broodjesemih/ros2_ws/install/my_robot_interfaces/share/my_robot_interfaces/environment/ament_prefix_path.dsv
[0.886s] -- Up-to-date: /home/broodjesemih/ros2_ws/install/my_robot_interfaces/share/my_robot_interfaces/environment/path.sh
[0.886s] -- Up-to-date: /home/broodjesemih/ros2_ws/install/my_robot_interfaces/share/my_robot_interfaces/environment/path.dsv
[0.886s] -- Up-to-date: /home/broodjesemih/ros2_ws/install/my_robot_interfaces/share/my_robot_interfaces/local_setup.bash
[0.886s] -- Up-to-date: /home/broodjesemih/ros2_ws/install/my_robot_interfaces/share/my_robot_interfaces/local_setup.sh
[0.886s] -- Up-to-date: /home/broodjesemih/ros2_ws/install/my_robot_interfaces/share/my_robot_interfaces/local_setup.zsh
[0.886s] -- Up-to-date: /home/broodjesemih/ros2_ws/install/my_robot_interfaces/share/my_robot_interfaces/local_setup.dsv
[0.886s] -- Installing: /home/broodjesemih/ros2_ws/install/my_robot_interfaces/share/my_robot_interfaces/package.dsv
[0.886s] -- Up-to-date: /home/broodjesemih/ros2_ws/install/my_robot_interfaces/share/ament_index/resource_index/packages/my_robot_interfaces
[0.886s] -- Up-to-date: /home/broodjesemih/ros2_ws/install/my_robot_interfaces/share/my_robot_interfaces/cmake/export_my_robot_interfaces__rosidl_generator_cExport.cmake
[0.886s] -- Up-to-date: /home/broodjesemih/ros2_ws/install/my_robot_interfaces/share/my_robot_interfaces/cmake/export_my_robot_interfaces__rosidl_generator_cExport-noconfig.cmake
[0.887s] -- Up-to-date: /home/broodjesemih/ros2_ws/install/my_robot_interfaces/share/my_robot_interfaces/cmake/export_my_robot_interfaces__rosidl_typesupport_fastrtps_cExport.cmake
[0.887s] -- Up-to-date: /home/broodjesemih/ros2_ws/install/my_robot_interfaces/share/my_robot_interfaces/cmake/export_my_robot_interfaces__rosidl_typesupport_fastrtps_cExport-noconfig.cmake
[0.887s] -- Up-to-date: /home/broodjesemih/ros2_ws/install/my_robot_interfaces/share/my_robot_interfaces/cmake/my_robot_interfaces__rosidl_typesupport_introspection_cExport.cmake
[0.887s] -- Up-to-date: /home/broodjesemih/ros2_ws/install/my_robot_interfaces/share/my_robot_interfaces/cmake/my_robot_interfaces__rosidl_typesupport_introspection_cExport-noconfig.cmake
[0.887s] -- Up-to-date: /home/broodjesemih/ros2_ws/install/my_robot_interfaces/share/my_robot_interfaces/cmake/my_robot_interfaces__rosidl_typesupport_cExport.cmake
[0.887s] -- Up-to-date: /home/broodjesemih/ros2_ws/install/my_robot_interfaces/share/my_robot_interfaces/cmake/my_robot_interfaces__rosidl_typesupport_cExport-noconfig.cmake
[0.887s] -- Up-to-date: /home/broodjesemih/ros2_ws/install/my_robot_interfaces/share/my_robot_interfaces/cmake/export_my_robot_interfaces__rosidl_generator_cppExport.cmake
[0.887s] -- Up-to-date: /home/broodjesemih/ros2_ws/install/my_robot_interfaces/share/my_robot_interfaces/cmake/export_my_robot_interfaces__rosidl_typesupport_fastrtps_cppExport.cmake
[0.887s] -- Up-to-date: /home/broodjesemih/ros2_ws/install/my_robot_interfaces/share/my_robot_interfaces/cmake/export_my_robot_interfaces__rosidl_typesupport_fastrtps_cppExport-noconfig.cmake
[0.887s] -- Up-to-date: /home/broodjesemih/ros2_ws/install/my_robot_interfaces/share/my_robot_interfaces/cmake/my_robot_interfaces__rosidl_typesupport_introspection_cppExport.cmake
[0.887s] -- Up-to-date: /home/broodjesemih/ros2_ws/install/my_robot_interfaces/share/my_robot_interfaces/cmake/my_robot_interfaces__rosidl_typesupport_introspection_cppExport-noconfig.cmake
[0.887s] -- Up-to-date: /home/broodjesemih/ros2_ws/install/my_robot_interfaces/share/my_robot_interfaces/cmake/my_robot_interfaces__rosidl_typesupport_cppExport.cmake
[0.887s] -- Up-to-date: /home/broodjesemih/ros2_ws/install/my_robot_interfaces/share/my_robot_interfaces/cmake/my_robot_interfaces__rosidl_typesupport_cppExport-noconfig.cmake
[0.887s] -- Up-to-date: /home/broodjesemih/ros2_ws/install/my_robot_interfaces/share/my_robot_interfaces/cmake/export_my_robot_interfaces__rosidl_generator_pyExport.cmake
[0.887s] -- Up-to-date: /home/broodjesemih/ros2_ws/install/my_robot_interfaces/share/my_robot_interfaces/cmake/export_my_robot_interfaces__rosidl_generator_pyExport-noconfig.cmake
[0.887s] -- Up-to-date: /home/broodjesemih/ros2_ws/install/my_robot_interfaces/share/my_robot_interfaces/cmake/rosidl_cmake-extras.cmake
[0.887s] -- Up-to-date: /home/broodjesemih/ros2_ws/install/my_robot_interfaces/share/my_robot_interfaces/cmake/ament_cmake_export_include_directories-extras.cmake
[0.887s] -- Up-to-date: /home/broodjesemih/ros2_ws/install/my_robot_interfaces/share/my_robot_interfaces/cmake/ament_cmake_export_libraries-extras.cmake
[0.887s] -- Up-to-date: /home/broodjesemih/ros2_ws/install/my_robot_interfaces/share/my_robot_interfaces/cmake/ament_cmake_export_targets-extras.cmake
[0.887s] -- Up-to-date: /home/broodjesemih/ros2_ws/install/my_robot_interfaces/share/my_robot_interfaces/cmake/rosidl_cmake_export_typesupport_targets-extras.cmake
[0.887s] -- Up-to-date: /home/broodjesemih/ros2_ws/install/my_robot_interfaces/share/my_robot_interfaces/cmake/ament_cmake_export_dependencies-extras.cmake
[0.887s] -- Up-to-date: /home/broodjesemih/ros2_ws/install/my_robot_interfaces/share/my_robot_interfaces/cmake/rosidl_cmake_export_typesupport_libraries-extras.cmake
[0.887s] -- Up-to-date: /home/broodjesemih/ros2_ws/install/my_robot_interfaces/share/my_robot_interfaces/cmake/my_robot_interfacesConfig.cmake
[0.887s] -- Up-to-date: /home/broodjesemih/ros2_ws/install/my_robot_interfaces/share/my_robot_interfaces/cmake/my_robot_interfacesConfig-version.cmake
[0.887s] -- Up-to-date: /home/broodjesemih/ros2_ws/install/my_robot_interfaces/share/my_robot_interfaces/package.xml
[0.888s] Invoked command in '/home/broodjesemih/ros2_ws/build/my_robot_interfaces' returned '0': CMAKE_PREFIX_PATH=${CMAKE_PREFIX_PATH}:/opt/ros/jazzy DEBUGINFOD_URLS=https://debuginfod.ubuntu.com /usr/bin/cmake --install /home/broodjesemih/ros2_ws/build/my_robot_interfaces
