[0.007s] Invoking command in '/home/broodjesemih/ros2_ws/build/les_pkg': CMAKE_PREFIX_PATH=${CMAKE_PREFIX_PATH}:/opt/ros/jazzy DEBUGINFOD_URLS=https://debuginfod.ubuntu.com /usr/bin/cmake --build /home/broodjesemih/ros2_ws/build/les_pkg -- -j20 -l20
[0.058s] [ 30%] Built target template_general
[0.058s] [ 30%] [32mBuilding CXX object CMakeFiles/template_publisher.dir/src/template_publisher.cpp.o[0m
[0.060s] [ 50%] Built target clock
[0.060s] [ 70%] Built target template_walltimer
[0.061s] [ 90%] Built target template_subscriber
[2.336s] [100%] [32m[1mLinking CXX executable template_publisher[0m
[2.441s] [100%] Built target template_publisher
[2.450s] Invoked command in '/home/broodjesemih/ros2_ws/build/les_pkg' returned '0': CMAKE_PREFIX_PATH=${CMAKE_PREFIX_PATH}:/opt/ros/jazzy DEBUGINFOD_URLS=https://debuginfod.ubuntu.com /usr/bin/cmake --build /home/broodjesemih/ros2_ws/build/les_pkg -- -j20 -l20
[2.457s] Invoking command in '/home/broodjesemih/ros2_ws/build/les_pkg': CMAKE_PREFIX_PATH=${CMAKE_PREFIX_PATH}:/opt/ros/jazzy DEBUGINFOD_URLS=https://debuginfod.ubuntu.com /usr/bin/cmake --install /home/broodjesemih/ros2_ws/build/les_pkg
[2.462s] -- Install configuration: ""
[2.462s] -- Up-to-date: /home/broodjesemih/ros2_ws/install/les_pkg/lib/les_pkg/template_general
[2.462s] -- Up-to-date: /home/broodjesemih/ros2_ws/install/les_pkg/lib/les_pkg/clock
[2.463s] -- Up-to-date: /home/broodjesemih/ros2_ws/install/les_pkg/lib/les_pkg/template_walltimer
[2.463s] -- Installing: /home/broodjesemih/ros2_ws/install/les_pkg/lib/les_pkg/template_publisher
[2.464s] -- Set non-toolchain portion of runtime path of "/home/broodjesemih/ros2_ws/install/les_pkg/lib/les_pkg/template_publisher" to ""
[2.464s] -- Installing: /home/broodjesemih/ros2_ws/install/les_pkg/lib/les_pkg/template_subscriber
[2.466s] -- Set non-toolchain portion of runtime path of "/home/broodjesemih/ros2_ws/install/les_pkg/lib/les_pkg/template_subscriber" to ""
[2.466s] -- Up-to-date: /home/broodjesemih/ros2_ws/install/les_pkg/share/ament_index/resource_index/package_run_dependencies/les_pkg
[2.466s] -- Up-to-date: /home/broodjesemih/ros2_ws/install/les_pkg/share/ament_index/resource_index/parent_prefix_path/les_pkg
[2.466s] -- Up-to-date: /home/broodjesemih/ros2_ws/install/les_pkg/share/les_pkg/environment/ament_prefix_path.sh
[2.467s] -- Up-to-date: /home/broodjesemih/ros2_ws/install/les_pkg/share/les_pkg/environment/ament_prefix_path.dsv
[2.467s] -- Up-to-date: /home/broodjesemih/ros2_ws/install/les_pkg/share/les_pkg/environment/path.sh
[2.467s] -- Up-to-date: /home/broodjesemih/ros2_ws/install/les_pkg/share/les_pkg/environment/path.dsv
[2.467s] -- Up-to-date: /home/broodjesemih/ros2_ws/install/les_pkg/share/les_pkg/local_setup.bash
[2.467s] -- Up-to-date: /home/broodjesemih/ros2_ws/install/les_pkg/share/les_pkg/local_setup.sh
[2.467s] -- Up-to-date: /home/broodjesemih/ros2_ws/install/les_pkg/share/les_pkg/local_setup.zsh
[2.467s] -- Up-to-date: /home/broodjesemih/ros2_ws/install/les_pkg/share/les_pkg/local_setup.dsv
[2.467s] -- Installing: /home/broodjesemih/ros2_ws/install/les_pkg/share/les_pkg/package.dsv
[2.467s] -- Up-to-date: /home/broodjesemih/ros2_ws/install/les_pkg/share/ament_index/resource_index/packages/les_pkg
[2.467s] -- Up-to-date: /home/broodjesemih/ros2_ws/install/les_pkg/share/les_pkg/cmake/les_pkgConfig.cmake
[2.467s] -- Up-to-date: /home/broodjesemih/ros2_ws/install/les_pkg/share/les_pkg/cmake/les_pkgConfig-version.cmake
[2.467s] -- Up-to-date: /home/broodjesemih/ros2_ws/install/les_pkg/share/les_pkg/package.xml
[2.468s] Invoked command in '/home/broodjesemih/ros2_ws/build/les_pkg' returned '0': CMAKE_PREFIX_PATH=${CMAKE_PREFIX_PATH}:/opt/ros/jazzy DEBUGINFOD_URLS=https://debuginfod.ubuntu.com /usr/bin/cmake --install /home/broodjesemih/ros2_ws/build/les_pkg
