[0.005s] Invoking command in '/home/broodjesemih/ros2_ws/build/les_pkg': DEBUGINFOD_URLS=https://debuginfod.ubuntu.com /usr/bin/cmake /home/broodjesemih/ros2_ws/src/les_pkg -DCMAKE_INSTALL_PREFIX=/home/broodjesemih/ros2_ws/install/les_pkg
[0.048s] -- The C compiler identification is GNU 13.3.0
[0.100s] -- The CXX compiler identification is GNU 13.3.0
[0.112s] -- Detecting C compiler ABI info
[0.198s] -- Detecting C compiler ABI info - done
[0.208s] -- Check for working C compiler: /usr/bin/cc - skipped
[0.208s] -- Detecting C compile features
[0.208s] -- Detecting C compile features - done
[0.215s] -- Detecting CXX compiler ABI info
[0.307s] -- Detecting CXX compiler ABI info - done
[0.312s] -- Check for working CXX compiler: /usr/bin/c++ - skipped
[0.313s] -- Detecting CXX compile features
[0.313s] -- Detecting CXX compile features - done
[0.318s] -- Configuring incomplete, errors occurred!
[0.318s] [31mCMake Error at CMakeLists.txt:9 (find_package):
[0.318s]   By not providing "Findament_cmake.cmake" in CMAKE_MODULE_PATH this project
[0.318s]   has asked CMake to find a package configuration file provided by
[0.318s]   "ament_cmake", but CMake did not find one.
[0.318s] 
[0.318s]   Could not find a package configuration file provided by "ament_cmake" with
[0.318s]   any of the following names:
[0.318s] 
[0.318s]     ament_cmakeConfig.cmake
[0.318s]     ament_cmake-config.cmake
[0.318s] 
[0.318s]   Add the installation prefix of "ament_cmake" to CMAKE_PREFIX_PATH or set
[0.318s]   "ament_cmake_DIR" to a directory containing one of the above files.  If
[0.318s]   "ament_cmake" provides a separate development package or SDK, be sure it
[0.318s]   has been installed.
[0.318s] 
[0.318s] [0m
[0.320s] Invoked command in '/home/broodjesemih/ros2_ws/build/les_pkg' returned '1': DEBUGINFOD_URLS=https://debuginfod.ubuntu.com /usr/bin/cmake /home/broodjesemih/ros2_ws/src/les_pkg -DCMAKE_INSTALL_PREFIX=/home/broodjesemih/ros2_ws/install/les_pkg
