[0.007s] Invoking command in '/home/broodjesemih/ros2_ws/build/les_pkg': CMAKE_PREFIX_PATH=${CMAKE_PREFIX_PATH}:/opt/ros/jazzy DEBUGINFOD_URLS=https://debuginfod.ubuntu.com /usr/bin/cmake --build /home/broodjesemih/ros2_ws/build/les_pkg -- -j20 -l20
[0.025s] -- Found ament_cmake: 2.5.4 (/opt/ros/jazzy/share/ament_cmake/cmake)
[0.176s] -- Found rclcpp: 28.1.11 (/opt/ros/jazzy/share/rclcpp/cmake)
[0.192s] -- Found rosidl_generator_c: 4.6.6 (/opt/ros/jazzy/share/rosidl_generator_c/cmake)
[0.197s] -- Found rosidl_generator_cpp: 4.6.6 (/opt/ros/jazzy/share/rosidl_generator_cpp/cmake)
[0.204s] -- Using all available rosidl_typesupport_c: rosidl_typesupport_fastrtps_c;rosidl_typesupport_introspection_c
[0.212s] -- Using all available rosidl_typesupport_cpp: rosidl_typesupport_fastrtps_cpp;rosidl_typesupport_introspection_cpp
[0.248s] -- Found rmw_implementation_cmake: 7.3.2 (/opt/ros/jazzy/share/rmw_implementation_cmake/cmake)
[0.249s] -- Found rmw_fastrtps_cpp: 8.4.3 (/opt/ros/jazzy/share/rmw_fastrtps_cpp/cmake)
[0.291s] -- Using RMW implementation 'rmw_fastrtps_cpp' as default
[0.329s] -- Found rclcpp_action: 28.1.11 (/opt/ros/jazzy/share/rclcpp_action/cmake)
[0.356s] -- Found geometry_msgs: 5.3.6 (/opt/ros/jazzy/share/geometry_msgs/cmake)
[0.381s] -- Found ament_lint_auto: 0.17.3 (/opt/ros/jazzy/share/ament_lint_auto/cmake)
[0.436s] -- Added test 'cppcheck' to perform static code analysis on C / C++ code
[0.436s] -- Configured cppcheck include dirs: 
[0.436s] -- Configured cppcheck exclude dirs and/or files: 
[0.437s] -- Added test 'lint_cmake' to check CMake code style
[0.437s] -- Added test 'uncrustify' to check C / C++ code style
[0.437s] -- Configured uncrustify additional arguments: 
[0.437s] -- Added test 'xmllint' to check XML markup files
[0.438s] -- Configuring done (0.4s)
[0.450s] -- Generating done (0.0s)
[0.454s] -- Build files have been written to: /home/broodjesemih/ros2_ws/build/les_pkg
[0.488s] [ 20%] Built target template_general
[0.488s] [ 40%] Built target clock
[0.488s] [ 50%] [32mBuilding CXX object CMakeFiles/template_publisher.dir/src/template_publisher.cpp.o[0m
[0.489s] [ 70%] Built target template_subscriber
[0.491s] [ 90%] Built target template_walltimer
[0.598s] [01m[K/home/broodjesemih/ros2_ws/src/les_pkg/src/template_publisher.cpp:26:10:[m[K [01;31m[Kfatal error: [m[Kgeometry_msgs/msg/pose_array.hpp: No such file or directory
[0.598s]    26 | #include [01;31m[K"geometry_msgs/msg/pose_array.hpp"[m[K // Keep this include
[0.598s]       |          [01;31m[K^~~~~~~~~~~~~~~~~~~~~~~~~~~~~~~~~~[m[K
[0.598s] compilation terminated.
[0.601s] gmake[2]: *** [CMakeFiles/template_publisher.dir/build.make:76: CMakeFiles/template_publisher.dir/src/template_publisher.cpp.o] Error 1
[0.601s] gmake[1]: *** [CMakeFiles/Makefile2:223: CMakeFiles/template_publisher.dir/all] Error 2
[0.601s] gmake: *** [Makefile:146: all] Error 2
[0.604s] Invoked command in '/home/broodjesemih/ros2_ws/build/les_pkg' returned '2': CMAKE_PREFIX_PATH=${CMAKE_PREFIX_PATH}:/opt/ros/jazzy DEBUGINFOD_URLS=https://debuginfod.ubuntu.com /usr/bin/cmake --build /home/broodjesemih/ros2_ws/build/les_pkg -- -j20 -l20
