[0.004s] Invoking command in '/home/broodjesemih/ros2_ws/build/les_pkg': DEBUGINFOD_URLS=https://debuginfod.ubuntu.com /usr/bin/cmake /home/broodjesemih/ros2_ws/src/les_pkg -DCMAKE_INSTALL_PREFIX=/home/broodjesemih/ros2_ws/install/les_pkg
[0.020s] [31mCMake Error at CMakeLists.txt:9 (find_package):
[0.021s]   By not providing "Findament_cmake.cmake" in CMAKE_MODULE_PATH this project
[0.021s]   has asked CMake to find a package configuration file provided by
[0.021s]   "ament_cmake", but CMake did not find one.
[0.021s] 
[0.021s]   Could not find a package configuration file provided by "ament_cmake" with
[0.021s]   any of the following names:
[0.021s] 
[0.021s]     ament_cmakeConfig.cmake
[0.021s]     ament_cmake-config.cmake
[0.022s] 
[0.022s]   Add the installation prefix of "ament_cmake" to CMAKE_PREFIX_PATH or set
[0.022s]   "ament_cmake_DIR" to a directory containing one of the above files.  If
[0.022s]   "ament_cmake" provides a separate development package or SDK, be sure it
[0.022s]   has been installed.
[0.022s] 
[0.022s] [0m
[0.022s] -- Configuring incomplete, errors occurred!
[0.022s] Invoked command in '/home/broodjesemih/ros2_ws/build/les_pkg' returned '1': DEBUGINFOD_URLS=https://debuginfod.ubuntu.com /usr/bin/cmake /home/broodjesemih/ros2_ws/src/les_pkg -DCMAKE_INSTALL_PREFIX=/home/broodjesemih/ros2_ws/install/les_pkg
