[ 20%] Built target template_subscriber
[ 80%] [32mBuilding CXX object CMakeFiles/template_publisher.dir/src/template_publisher.cpp.o[0m
[ 80%] Built target template_walltimer
[ 90%] Built target clock
[ 90%] Built target template_general
[100%] [32m[1mLinking CXX executable template_publisher[0m
[100%] Built target template_publisher
-- Install configuration: ""
-- Up-to-date: /home/broodjesemih/ros2_ws/install/les_pkg/lib/les_pkg/template_general
-- Up-to-date: /home/broodjesemih/ros2_ws/install/les_pkg/lib/les_pkg/clock
-- Up-to-date: /home/broodjesemih/ros2_ws/install/les_pkg/lib/les_pkg/template_walltimer
-- Installing: /home/broodjesemih/ros2_ws/install/les_pkg/lib/les_pkg/template_publisher
-- Set non-toolchain portion of runtime path of "/home/broodjesemih/ros2_ws/install/les_pkg/lib/les_pkg/template_publisher" to ""
-- Up-to-date: /home/broodjesemih/ros2_ws/install/les_pkg/lib/les_pkg/template_subscriber
-- Up-to-date: /home/broodjesemih/ros2_ws/install/les_pkg/share/ament_index/resource_index/package_run_dependencies/les_pkg
-- Up-to-date: /home/broodjesemih/ros2_ws/install/les_pkg/share/ament_index/resource_index/parent_prefix_path/les_pkg
-- Up-to-date: /home/broodjesemih/ros2_ws/install/les_pkg/share/les_pkg/environment/ament_prefix_path.sh
-- Up-to-date: /home/broodjesemih/ros2_ws/install/les_pkg/share/les_pkg/environment/ament_prefix_path.dsv
-- Up-to-date: /home/broodjesemih/ros2_ws/install/les_pkg/share/les_pkg/environment/path.sh
-- Up-to-date: /home/broodjesemih/ros2_ws/install/les_pkg/share/les_pkg/environment/path.dsv
-- Up-to-date: /home/broodjesemih/ros2_ws/install/les_pkg/share/les_pkg/local_setup.bash
-- Up-to-date: /home/broodjesemih/ros2_ws/install/les_pkg/share/les_pkg/local_setup.sh
-- Up-to-date: /home/broodjesemih/ros2_ws/install/les_pkg/share/les_pkg/local_setup.zsh
-- Up-to-date: /home/broodjesemih/ros2_ws/install/les_pkg/share/les_pkg/local_setup.dsv
-- Installing: /home/broodjesemih/ros2_ws/install/les_pkg/share/les_pkg/package.dsv
-- Up-to-date: /home/broodjesemih/ros2_ws/install/les_pkg/share/ament_index/resource_index/packages/les_pkg
-- Up-to-date: /home/broodjesemih/ros2_ws/install/les_pkg/share/les_pkg/cmake/les_pkgConfig.cmake
-- Up-to-date: /home/broodjesemih/ros2_ws/install/les_pkg/share/les_pkg/cmake/les_pkgConfig-version.cmake
-- Up-to-date: /home/broodjesemih/ros2_ws/install/les_pkg/share/les_pkg/package.xml
