[0.006s] Invoking command in '/home/broodjesemih/ros2_ws/build/les_pkg': CMAKE_PREFIX_PATH=${CMAKE_PREFIX_PATH}:/opt/ros/jazzy DEBUGINFOD_URLS=https://debuginfod.ubuntu.com /usr/bin/cmake --build /home/broodjesemih/ros2_ws/build/les_pkg -- -j20 -l20
[0.055s] [ 20%] Built target clock
[0.056s] [ 40%] Built target template_general
[0.057s] [ 60%] Built target template_subscriber
[0.058s] [ 80%] Built target template_publisher
[0.059s] [100%] Built target template_walltimer
[0.067s] Invoked command in '/home/broodjesemih/ros2_ws/build/les_pkg' returned '0': CMAKE_PREFIX_PATH=${CMAKE_PREFIX_PATH}:/opt/ros/jazzy DEBUGINFOD_URLS=https://debuginfod.ubuntu.com /usr/bin/cmake --build /home/broodjesemih/ros2_ws/build/les_pkg -- -j20 -l20
[0.074s] Invoking command in '/home/broodjesemih/ros2_ws/build/les_pkg': CMAKE_PREFIX_PATH=${CMAKE_PREFIX_PATH}:/opt/ros/jazzy DEBUGINFOD_URLS=https://debuginfod.ubuntu.com /usr/bin/cmake --install /home/broodjesemih/ros2_ws/build/les_pkg
[0.081s] -- Install configuration: ""
[0.081s] -- Up-to-date: /home/broodjesemih/ros2_ws/install/les_pkg/lib/les_pkg/template_general
[0.081s] -- Up-to-date: /home/broodjesemih/ros2_ws/install/les_pkg/lib/les_pkg/clock
[0.081s] -- Up-to-date: /home/broodjesemih/ros2_ws/install/les_pkg/lib/les_pkg/template_walltimer
[0.082s] -- Up-to-date: /home/broodjesemih/ros2_ws/install/les_pkg/lib/les_pkg/template_publisher
[0.082s] -- Up-to-date: /home/broodjesemih/ros2_ws/install/les_pkg/lib/les_pkg/template_subscriber
[0.082s] -- Up-to-date: /home/broodjesemih/ros2_ws/install/les_pkg/share/ament_index/resource_index/package_run_dependencies/les_pkg
[0.082s] -- Up-to-date: /home/broodjesemih/ros2_ws/install/les_pkg/share/ament_index/resource_index/parent_prefix_path/les_pkg
[0.082s] -- Up-to-date: /home/broodjesemih/ros2_ws/install/les_pkg/share/les_pkg/environment/ament_prefix_path.sh
[0.082s] -- Up-to-date: /home/broodjesemih/ros2_ws/install/les_pkg/share/les_pkg/environment/ament_prefix_path.dsv
[0.082s] -- Up-to-date: /home/broodjesemih/ros2_ws/install/les_pkg/share/les_pkg/environment/path.sh
[0.082s] -- Up-to-date: /home/broodjesemih/ros2_ws/install/les_pkg/share/les_pkg/environment/path.dsv
[0.082s] -- Up-to-date: /home/broodjesemih/ros2_ws/install/les_pkg/share/les_pkg/local_setup.bash
[0.082s] -- Up-to-date: /home/broodjesemih/ros2_ws/install/les_pkg/share/les_pkg/local_setup.sh
[0.082s] -- Up-to-date: /home/broodjesemih/ros2_ws/install/les_pkg/share/les_pkg/local_setup.zsh
[0.082s] -- Up-to-date: /home/broodjesemih/ros2_ws/install/les_pkg/share/les_pkg/local_setup.dsv
[0.082s] -- Installing: /home/broodjesemih/ros2_ws/install/les_pkg/share/les_pkg/package.dsv
[0.082s] -- Up-to-date: /home/broodjesemih/ros2_ws/install/les_pkg/share/ament_index/resource_index/packages/les_pkg
[0.083s] -- Up-to-date: /home/broodjesemih/ros2_ws/install/les_pkg/share/les_pkg/cmake/les_pkgConfig.cmake
[0.083s] -- Up-to-date: /home/broodjesemih/ros2_ws/install/les_pkg/share/les_pkg/cmake/les_pkgConfig-version.cmake
[0.083s] -- Up-to-date: /home/broodjesemih/ros2_ws/install/les_pkg/share/les_pkg/package.xml
[0.084s] Invoked command in '/home/broodjesemih/ros2_ws/build/les_pkg' returned '0': CMAKE_PREFIX_PATH=${CMAKE_PREFIX_PATH}:/opt/ros/jazzy DEBUGINFOD_URLS=https://debuginfod.ubuntu.com /usr/bin/cmake --install /home/broodjesemih/ros2_ws/build/les_pkg
