[0.006s] Invoking command in '/home/broodjesemih/ros2_ws/build/my_robot_interfaces': CMAKE_PREFIX_PATH=${CMAKE_PREFIX_PATH}:/opt/ros/jazzy DEBUGINFOD_URLS=https://debuginfod.ubuntu.com /usr/bin/cmake /home/broodjesemih/ros2_ws/src/my_robot_interfaces -DCMAKE_INSTALL_PREFIX=/home/broodjesemih/ros2_ws/install/my_robot_interfaces
[0.015s] -- Found ament_cmake: 2.5.4 (/opt/ros/jazzy/share/ament_cmake/cmake)
[0.162s] -- Found rosidl_default_generators: 1.6.0 (/opt/ros/jazzy/share/rosidl_default_generators/cmake)
[0.163s] -- Using all available rosidl_typesupport_c: rosidl_typesupport_fastrtps_c;rosidl_typesupport_introspection_c
[0.184s] -- Using all available rosidl_typesupport_cpp: rosidl_typesupport_fastrtps_cpp;rosidl_typesupport_introspection_cpp
[0.200s] -- Found rosidl_adapter: 4.6.6 (/opt/ros/jazzy/share/rosidl_adapter/cmake)
[0.590s] -- Found ament_cmake_ros: 0.12.0 (/opt/ros/jazzy/share/ament_cmake_ros/cmake)
[0.918s] -- Using all available rosidl_typesupport_c: rosidl_typesupport_fastrtps_c;rosidl_typesupport_introspection_c
[1.335s] -- Using all available rosidl_typesupport_cpp: rosidl_typesupport_fastrtps_cpp;rosidl_typesupport_introspection_cpp
[1.339s] -- Found python_cmake_module: 0.11.1 (/opt/ros/jazzy/share/python_cmake_module/cmake)
[1.430s] -- Found PythonExtra: /usr/bin/python3  
[1.717s] -- Found Python3: /usr/bin/python3 (found version "3.12.3") found components: Interpreter Development NumPy Development.Module Development.Embed 
[1.740s] -- Found ament_lint_auto: 0.17.3 (/opt/ros/jazzy/share/ament_lint_auto/cmake)
[1.757s] -- Added test 'lint_cmake' to check CMake code style
[1.757s] -- Added test 'xmllint' to check XML markup files
[1.759s] -- Configuring done (1.7s)
[1.773s] -- Generating done (0.0s)
[1.779s] -- Build files have been written to: /home/broodjesemih/ros2_ws/build/my_robot_interfaces
[1.783s] Invoked command in '/home/broodjesemih/ros2_ws/build/my_robot_interfaces' returned '0': CMAKE_PREFIX_PATH=${CMAKE_PREFIX_PATH}:/opt/ros/jazzy DEBUGINFOD_URLS=https://debuginfod.ubuntu.com /usr/bin/cmake /home/broodjesemih/ros2_ws/src/my_robot_interfaces -DCMAKE_INSTALL_PREFIX=/home/broodjesemih/ros2_ws/install/my_robot_interfaces
[1.784s] Invoking command in '/home/broodjesemih/ros2_ws/build/my_robot_interfaces': CMAKE_PREFIX_PATH=${CMAKE_PREFIX_PATH}:/opt/ros/jazzy DEBUGINFOD_URLS=https://debuginfod.ubuntu.com /usr/bin/cmake --build /home/broodjesemih/ros2_ws/build/my_robot_interfaces -- -j20 -l20
[1.824s] [  2%] [34m[1mGenerating type hashes for ROS interfaces[0m
[1.831s] [  2%] Built target ament_cmake_python_copy_my_robot_interfaces
[1.948s] [  2%] Built target my_robot_interfaces__rosidl_generator_type_description
[1.952s] running egg_info
[1.952s] creating my_robot_interfaces.egg-info
[1.957s] [  5%] [34m[1mGenerating C code for ROS interfaces[0m
[1.962s] writing my_robot_interfaces.egg-info/PKG-INFO
[1.962s] writing dependency_links to my_robot_interfaces.egg-info/dependency_links.txt
[1.962s] writing top-level names to my_robot_interfaces.egg-info/top_level.txt
[1.962s] writing manifest file 'my_robot_interfaces.egg-info/SOURCES.txt'
[1.964s] [  8%] [34m[1mGenerating C++ code for ROS interfaces[0m
[1.996s] reading manifest file 'my_robot_interfaces.egg-info/SOURCES.txt'
[1.996s] writing manifest file 'my_robot_interfaces.egg-info/SOURCES.txt'
[2.016s] [  8%] Built target ament_cmake_python_build_my_robot_interfaces_egg
[2.104s] [  8%] Built target my_robot_interfaces__cpp
[2.114s] [ 11%] [32mBuilding C object CMakeFiles/my_robot_interfaces__rosidl_generator_c.dir/rosidl_generator_c/my_robot_interfaces/msg/detail/hardware_status__description.c.o[0m
[2.115s] [ 17%] [32mBuilding C object CMakeFiles/my_robot_interfaces__rosidl_generator_c.dir/rosidl_generator_c/my_robot_interfaces/msg/detail/hardware_status__functions.c.o[0m
[2.116s] [ 17%] [32mBuilding C object CMakeFiles/my_robot_interfaces__rosidl_generator_c.dir/rosidl_generator_c/my_robot_interfaces/msg/detail/hardware_status__type_support.c.o[0m
[2.148s] [ 20%] [32m[1mLinking C shared library libmy_robot_interfaces__rosidl_generator_c.so[0m
[2.173s] [ 20%] Built target my_robot_interfaces__rosidl_generator_c
[2.180s] [ 23%] [34m[1mGenerating C++ type support dispatch for ROS interfaces[0m
[2.180s] [ 26%] [34m[1mGenerating C type support dispatch for ROS interfaces[0m
[2.180s] [ 29%] [34m[1mGenerating C type support for eProsima Fast-RTPS[0m
[2.182s] [ 32%] [34m[1mGenerating C++ type support for eProsima Fast-RTPS[0m
[2.182s] [ 35%] [34m[1mGenerating C++ introspection for ROS interfaces[0m
[2.183s] [ 38%] [34m[1mGenerating C introspection for ROS interfaces[0m
[2.316s] [ 41%] [32mBuilding CXX object CMakeFiles/my_robot_interfaces__rosidl_typesupport_cpp.dir/rosidl_typesupport_cpp/my_robot_interfaces/msg/hardware_status__type_support.cpp.o[0m
[2.322s] [ 44%] [32mBuilding CXX object CMakeFiles/my_robot_interfaces__rosidl_typesupport_c.dir/rosidl_typesupport_c/my_robot_interfaces/msg/hardware_status__type_support.cpp.o[0m
[2.331s] [ 47%] [32mBuilding CXX object CMakeFiles/my_robot_interfaces__rosidl_typesupport_introspection_cpp.dir/rosidl_typesupport_introspection_cpp/my_robot_interfaces/msg/detail/hardware_status__type_support.cpp.o[0m
[2.334s] [ 52%] [32mBuilding CXX object CMakeFiles/my_robot_interfaces__rosidl_typesupport_fastrtps_c.dir/rosidl_typesupport_fastrtps_c/my_robot_interfaces/msg/detail/hardware_status__type_support_c.cpp.o[0m
[2.334s] [ 52%] [32mBuilding CXX object CMakeFiles/my_robot_interfaces__rosidl_typesupport_fastrtps_cpp.dir/rosidl_typesupport_fastrtps_cpp/my_robot_interfaces/msg/detail/dds_fastrtps/hardware_status__type_support.cpp.o[0m
[2.334s] [ 55%] [32mBuilding C object CMakeFiles/my_robot_interfaces__rosidl_typesupport_introspection_c.dir/rosidl_typesupport_introspection_c/my_robot_interfaces/msg/detail/hardware_status__type_support.c.o[0m
[2.351s] [ 58%] [32m[1mLinking CXX shared library libmy_robot_interfaces__rosidl_typesupport_c.so[0m
[2.358s] [ 61%] [32m[1mLinking C shared library libmy_robot_interfaces__rosidl_typesupport_introspection_c.so[0m
[2.379s] [ 61%] Built target my_robot_interfaces__rosidl_typesupport_c
[2.382s] [ 61%] Built target my_robot_interfaces__rosidl_typesupport_introspection_c
[2.482s] [ 64%] [32m[1mLinking CXX shared library libmy_robot_interfaces__rosidl_typesupport_cpp.so[0m
[2.495s] [ 67%] [32m[1mLinking CXX shared library libmy_robot_interfaces__rosidl_typesupport_introspection_cpp.so[0m
[2.516s] [ 67%] Built target my_robot_interfaces__rosidl_typesupport_cpp
[2.523s] [ 67%] Built target my_robot_interfaces__rosidl_typesupport_introspection_cpp
[2.581s] [ 70%] [32m[1mLinking CXX shared library libmy_robot_interfaces__rosidl_typesupport_fastrtps_cpp.so[0m
[2.587s] [ 73%] [32m[1mLinking CXX shared library libmy_robot_interfaces__rosidl_typesupport_fastrtps_c.so[0m
[2.611s] [ 73%] Built target my_robot_interfaces__rosidl_typesupport_fastrtps_cpp
[2.620s] [ 73%] Built target my_robot_interfaces__rosidl_typesupport_fastrtps_c
[2.637s] [ 73%] Built target my_robot_interfaces
[2.656s] [ 76%] [34m[1mGenerating Python code for ROS interfaces[0m
[2.798s] [ 76%] Built target my_robot_interfaces__py
[2.813s] [ 79%] [32mBuilding C object CMakeFiles/my_robot_interfaces__rosidl_generator_py.dir/rosidl_generator_py/my_robot_interfaces/msg/_hardware_status_s.c.o[0m
[2.882s] [ 82%] [32m[1mLinking C shared library libmy_robot_interfaces__rosidl_generator_py.so[0m
[2.912s] [ 82%] Built target my_robot_interfaces__rosidl_generator_py
[2.926s] [ 85%] [32mBuilding C object CMakeFiles/my_robot_interfaces_s__rosidl_typesupport_introspection_c.dir/rosidl_generator_py/my_robot_interfaces/_my_robot_interfaces_s.ep.rosidl_typesupport_introspection_c.c.o[0m
[2.928s] [ 88%] [32mBuilding C object CMakeFiles/my_robot_interfaces_s__rosidl_typesupport_fastrtps_c.dir/rosidl_generator_py/my_robot_interfaces/_my_robot_interfaces_s.ep.rosidl_typesupport_fastrtps_c.c.o[0m
[2.928s] [ 91%] [32mBuilding C object CMakeFiles/my_robot_interfaces_s__rosidl_typesupport_c.dir/rosidl_generator_py/my_robot_interfaces/_my_robot_interfaces_s.ep.rosidl_typesupport_c.c.o[0m
[2.984s] [ 94%] [32m[1mLinking C shared module rosidl_generator_py/my_robot_interfaces/my_robot_interfaces_s__rosidl_typesupport_introspection_c.so[0m
[2.986s] [ 97%] [32m[1mLinking C shared module rosidl_generator_py/my_robot_interfaces/my_robot_interfaces_s__rosidl_typesupport_c.so[0m
[2.991s] [100%] [32m[1mLinking C shared module rosidl_generator_py/my_robot_interfaces/my_robot_interfaces_s__rosidl_typesupport_fastrtps_c.so[0m
[3.006s] [100%] Built target my_robot_interfaces_s__rosidl_typesupport_introspection_c
[3.007s] [100%] Built target my_robot_interfaces_s__rosidl_typesupport_c
[3.012s] [100%] Built target my_robot_interfaces_s__rosidl_typesupport_fastrtps_c
[3.020s] Invoked command in '/home/broodjesemih/ros2_ws/build/my_robot_interfaces' returned '0': CMAKE_PREFIX_PATH=${CMAKE_PREFIX_PATH}:/opt/ros/jazzy DEBUGINFOD_URLS=https://debuginfod.ubuntu.com /usr/bin/cmake --build /home/broodjesemih/ros2_ws/build/my_robot_interfaces -- -j20 -l20
[3.027s] Invoking command in '/home/broodjesemih/ros2_ws/build/my_robot_interfaces': CMAKE_PREFIX_PATH=${CMAKE_PREFIX_PATH}:/opt/ros/jazzy DEBUGINFOD_URLS=https://debuginfod.ubuntu.com /usr/bin/cmake --install /home/broodjesemih/ros2_ws/build/my_robot_interfaces
[3.037s] -- Install configuration: ""
[3.037s] -- Installing: /home/broodjesemih/ros2_ws/install/my_robot_interfaces/share/ament_index/resource_index/rosidl_interfaces/my_robot_interfaces
[3.037s] -- Installing: /home/broodjesemih/ros2_ws/install/my_robot_interfaces/share/my_robot_interfaces/msg/HardwareStatus.json
[3.037s] -- Installing: /home/broodjesemih/ros2_ws/install/my_robot_interfaces/include/my_robot_interfaces/my_robot_interfaces
[3.037s] -- Installing: /home/broodjesemih/ros2_ws/install/my_robot_interfaces/include/my_robot_interfaces/my_robot_interfaces/msg
[3.038s] -- Installing: /home/broodjesemih/ros2_ws/install/my_robot_interfaces/include/my_robot_interfaces/my_robot_interfaces/msg/rosidl_generator_c__visibility_control.h
[3.038s] -- Installing: /home/broodjesemih/ros2_ws/install/my_robot_interfaces/include/my_robot_interfaces/my_robot_interfaces/msg/hardware_status.h
[3.038s] -- Installing: /home/broodjesemih/ros2_ws/install/my_robot_interfaces/include/my_robot_interfaces/my_robot_interfaces/msg/detail
[3.038s] -- Installing: /home/broodjesemih/ros2_ws/install/my_robot_interfaces/include/my_robot_interfaces/my_robot_interfaces/msg/detail/hardware_status__functions.c
[3.038s] -- Installing: /home/broodjesemih/ros2_ws/install/my_robot_interfaces/include/my_robot_interfaces/my_robot_interfaces/msg/detail/hardware_status__struct.h
[3.038s] -- Installing: /home/broodjesemih/ros2_ws/install/my_robot_interfaces/include/my_robot_interfaces/my_robot_interfaces/msg/detail/hardware_status__type_support.c
[3.038s] -- Installing: /home/broodjesemih/ros2_ws/install/my_robot_interfaces/include/my_robot_interfaces/my_robot_interfaces/msg/detail/hardware_status__type_support.h
[3.038s] -- Installing: /home/broodjesemih/ros2_ws/install/my_robot_interfaces/include/my_robot_interfaces/my_robot_interfaces/msg/detail/hardware_status__functions.h
[3.038s] -- Installing: /home/broodjesemih/ros2_ws/install/my_robot_interfaces/include/my_robot_interfaces/my_robot_interfaces/msg/detail/hardware_status__description.c
[3.038s] -- Installing: /home/broodjesemih/ros2_ws/install/my_robot_interfaces/share/my_robot_interfaces/environment/library_path.sh
[3.038s] -- Installing: /home/broodjesemih/ros2_ws/install/my_robot_interfaces/share/my_robot_interfaces/environment/library_path.dsv
[3.038s] -- Installing: /home/broodjesemih/ros2_ws/install/my_robot_interfaces/lib/libmy_robot_interfaces__rosidl_generator_c.so
[3.038s] -- Set non-toolchain portion of runtime path of "/home/broodjesemih/ros2_ws/install/my_robot_interfaces/lib/libmy_robot_interfaces__rosidl_generator_c.so" to ""
[3.038s] -- Up-to-date: /home/broodjesemih/ros2_ws/install/my_robot_interfaces/include/my_robot_interfaces/my_robot_interfaces
[3.038s] -- Up-to-date: /home/broodjesemih/ros2_ws/install/my_robot_interfaces/include/my_robot_interfaces/my_robot_interfaces/msg
[3.038s] -- Up-to-date: /home/broodjesemih/ros2_ws/install/my_robot_interfaces/include/my_robot_interfaces/my_robot_interfaces/msg/detail
[3.038s] -- Installing: /home/broodjesemih/ros2_ws/install/my_robot_interfaces/include/my_robot_interfaces/my_robot_interfaces/msg/detail/hardware_status__rosidl_typesupport_fastrtps_c.h
[3.038s] -- Installing: /home/broodjesemih/ros2_ws/install/my_robot_interfaces/include/my_robot_interfaces/my_robot_interfaces/msg/rosidl_typesupport_fastrtps_c__visibility_control.h
[3.038s] -- Installing: /home/broodjesemih/ros2_ws/install/my_robot_interfaces/lib/libmy_robot_interfaces__rosidl_typesupport_fastrtps_c.so
[3.038s] -- Set non-toolchain portion of runtime path of "/home/broodjesemih/ros2_ws/install/my_robot_interfaces/lib/libmy_robot_interfaces__rosidl_typesupport_fastrtps_c.so" to ""
[3.038s] -- Up-to-date: /home/broodjesemih/ros2_ws/install/my_robot_interfaces/include/my_robot_interfaces/my_robot_interfaces
[3.038s] -- Up-to-date: /home/broodjesemih/ros2_ws/install/my_robot_interfaces/include/my_robot_interfaces/my_robot_interfaces/msg
[3.038s] -- Installing: /home/broodjesemih/ros2_ws/install/my_robot_interfaces/include/my_robot_interfaces/my_robot_interfaces/msg/rosidl_typesupport_introspection_c__visibility_control.h
[3.038s] -- Up-to-date: /home/broodjesemih/ros2_ws/install/my_robot_interfaces/include/my_robot_interfaces/my_robot_interfaces/msg/detail
[3.038s] -- Up-to-date: /home/broodjesemih/ros2_ws/install/my_robot_interfaces/include/my_robot_interfaces/my_robot_interfaces/msg/detail/hardware_status__type_support.c
[3.039s] -- Installing: /home/broodjesemih/ros2_ws/install/my_robot_interfaces/include/my_robot_interfaces/my_robot_interfaces/msg/detail/hardware_status__rosidl_typesupport_introspection_c.h
[3.039s] -- Installing: /home/broodjesemih/ros2_ws/install/my_robot_interfaces/lib/libmy_robot_interfaces__rosidl_typesupport_introspection_c.so
[3.039s] -- Set non-toolchain portion of runtime path of "/home/broodjesemih/ros2_ws/install/my_robot_interfaces/lib/libmy_robot_interfaces__rosidl_typesupport_introspection_c.so" to ""
[3.039s] -- Installing: /home/broodjesemih/ros2_ws/install/my_robot_interfaces/lib/libmy_robot_interfaces__rosidl_typesupport_c.so
[3.039s] -- Set non-toolchain portion of runtime path of "/home/broodjesemih/ros2_ws/install/my_robot_interfaces/lib/libmy_robot_interfaces__rosidl_typesupport_c.so" to ""
[3.039s] -- Up-to-date: /home/broodjesemih/ros2_ws/install/my_robot_interfaces/include/my_robot_interfaces/my_robot_interfaces
[3.039s] -- Up-to-date: /home/broodjesemih/ros2_ws/install/my_robot_interfaces/include/my_robot_interfaces/my_robot_interfaces/msg
[3.039s] -- Installing: /home/broodjesemih/ros2_ws/install/my_robot_interfaces/include/my_robot_interfaces/my_robot_interfaces/msg/rosidl_generator_cpp__visibility_control.hpp
[3.039s] -- Installing: /home/broodjesemih/ros2_ws/install/my_robot_interfaces/include/my_robot_interfaces/my_robot_interfaces/msg/hardware_status.hpp
[3.039s] -- Up-to-date: /home/broodjesemih/ros2_ws/install/my_robot_interfaces/include/my_robot_interfaces/my_robot_interfaces/msg/detail
[3.039s] -- Installing: /home/broodjesemih/ros2_ws/install/my_robot_interfaces/include/my_robot_interfaces/my_robot_interfaces/msg/detail/hardware_status__type_support.hpp
[3.039s] -- Installing: /home/broodjesemih/ros2_ws/install/my_robot_interfaces/include/my_robot_interfaces/my_robot_interfaces/msg/detail/hardware_status__traits.hpp
[3.039s] -- Installing: /home/broodjesemih/ros2_ws/install/my_robot_interfaces/include/my_robot_interfaces/my_robot_interfaces/msg/detail/hardware_status__struct.hpp
[3.039s] -- Installing: /home/broodjesemih/ros2_ws/install/my_robot_interfaces/include/my_robot_interfaces/my_robot_interfaces/msg/detail/hardware_status__builder.hpp
[3.039s] -- Up-to-date: /home/broodjesemih/ros2_ws/install/my_robot_interfaces/include/my_robot_interfaces/my_robot_interfaces
[3.039s] -- Up-to-date: /home/broodjesemih/ros2_ws/install/my_robot_interfaces/include/my_robot_interfaces/my_robot_interfaces/msg
[3.039s] -- Installing: /home/broodjesemih/ros2_ws/install/my_robot_interfaces/include/my_robot_interfaces/my_robot_interfaces/msg/rosidl_typesupport_fastrtps_cpp__visibility_control.h
[3.039s] -- Up-to-date: /home/broodjesemih/ros2_ws/install/my_robot_interfaces/include/my_robot_interfaces/my_robot_interfaces/msg/detail
[3.039s] -- Installing: /home/broodjesemih/ros2_ws/install/my_robot_interfaces/include/my_robot_interfaces/my_robot_interfaces/msg/detail/hardware_status__rosidl_typesupport_fastrtps_cpp.hpp
[3.039s] -- Installing: /home/broodjesemih/ros2_ws/install/my_robot_interfaces/include/my_robot_interfaces/my_robot_interfaces/msg/detail/dds_fastrtps
[3.039s] -- Installing: /home/broodjesemih/ros2_ws/install/my_robot_interfaces/lib/libmy_robot_interfaces__rosidl_typesupport_fastrtps_cpp.so
[3.039s] -- Set non-toolchain portion of runtime path of "/home/broodjesemih/ros2_ws/install/my_robot_interfaces/lib/libmy_robot_interfaces__rosidl_typesupport_fastrtps_cpp.so" to ""
[3.039s] -- Up-to-date: /home/broodjesemih/ros2_ws/install/my_robot_interfaces/include/my_robot_interfaces/my_robot_interfaces
[3.039s] -- Up-to-date: /home/broodjesemih/ros2_ws/install/my_robot_interfaces/include/my_robot_interfaces/my_robot_interfaces/msg
[3.039s] -- Up-to-date: /home/broodjesemih/ros2_ws/install/my_robot_interfaces/include/my_robot_interfaces/my_robot_interfaces/msg/detail
[3.039s] -- Installing: /home/broodjesemih/ros2_ws/install/my_robot_interfaces/include/my_robot_interfaces/my_robot_interfaces/msg/detail/hardware_status__rosidl_typesupport_introspection_cpp.hpp
[3.040s] -- Installing: /home/broodjesemih/ros2_ws/install/my_robot_interfaces/include/my_robot_interfaces/my_robot_interfaces/msg/detail/hardware_status__type_support.cpp
[3.040s] -- Installing: /home/broodjesemih/ros2_ws/install/my_robot_interfaces/lib/libmy_robot_interfaces__rosidl_typesupport_introspection_cpp.so
[3.040s] -- Set non-toolchain portion of runtime path of "/home/broodjesemih/ros2_ws/install/my_robot_interfaces/lib/libmy_robot_interfaces__rosidl_typesupport_introspection_cpp.so" to ""
[3.040s] -- Installing: /home/broodjesemih/ros2_ws/install/my_robot_interfaces/lib/libmy_robot_interfaces__rosidl_typesupport_cpp.so
[3.040s] -- Set non-toolchain portion of runtime path of "/home/broodjesemih/ros2_ws/install/my_robot_interfaces/lib/libmy_robot_interfaces__rosidl_typesupport_cpp.so" to ""
[3.040s] -- Installing: /home/broodjesemih/ros2_ws/install/my_robot_interfaces/share/my_robot_interfaces/environment/pythonpath.sh
[3.040s] -- Installing: /home/broodjesemih/ros2_ws/install/my_robot_interfaces/share/my_robot_interfaces/environment/pythonpath.dsv
[3.040s] -- Installing: /home/broodjesemih/ros2_ws/install/my_robot_interfaces/lib/python3.12/site-packages/my_robot_interfaces-0.0.0-py3.12.egg-info
[3.040s] -- Installing: /home/broodjesemih/ros2_ws/install/my_robot_interfaces/lib/python3.12/site-packages/my_robot_interfaces-0.0.0-py3.12.egg-info/top_level.txt
[3.040s] -- Installing: /home/broodjesemih/ros2_ws/install/my_robot_interfaces/lib/python3.12/site-packages/my_robot_interfaces-0.0.0-py3.12.egg-info/dependency_links.txt
[3.040s] -- Installing: /home/broodjesemih/ros2_ws/install/my_robot_interfaces/lib/python3.12/site-packages/my_robot_interfaces-0.0.0-py3.12.egg-info/SOURCES.txt
[3.040s] -- Installing: /home/broodjesemih/ros2_ws/install/my_robot_interfaces/lib/python3.12/site-packages/my_robot_interfaces-0.0.0-py3.12.egg-info/PKG-INFO
[3.040s] -- Installing: /home/broodjesemih/ros2_ws/install/my_robot_interfaces/lib/python3.12/site-packages/my_robot_interfaces
[3.040s] -- Installing: /home/broodjesemih/ros2_ws/install/my_robot_interfaces/lib/python3.12/site-packages/my_robot_interfaces/_my_robot_interfaces_s.ep.rosidl_typesupport_introspection_c.c
[3.040s] -- Installing: /home/broodjesemih/ros2_ws/install/my_robot_interfaces/lib/python3.12/site-packages/my_robot_interfaces/my_robot_interfaces_s__rosidl_typesupport_introspection_c.so
[3.040s] -- Installing: /home/broodjesemih/ros2_ws/install/my_robot_interfaces/lib/python3.12/site-packages/my_robot_interfaces/_my_robot_interfaces_s.ep.rosidl_typesupport_fastrtps_c.c
[3.040s] -- Installing: /home/broodjesemih/ros2_ws/install/my_robot_interfaces/lib/python3.12/site-packages/my_robot_interfaces/_my_robot_interfaces_s.ep.rosidl_typesupport_c.c
[3.040s] -- Installing: /home/broodjesemih/ros2_ws/install/my_robot_interfaces/lib/python3.12/site-packages/my_robot_interfaces/my_robot_interfaces_s__rosidl_typesupport_fastrtps_c.so
[3.040s] -- Installing: /home/broodjesemih/ros2_ws/install/my_robot_interfaces/lib/python3.12/site-packages/my_robot_interfaces/msg
[3.040s] -- Installing: /home/broodjesemih/ros2_ws/install/my_robot_interfaces/lib/python3.12/site-packages/my_robot_interfaces/msg/_hardware_status.py
[3.040s] -- Installing: /home/broodjesemih/ros2_ws/install/my_robot_interfaces/lib/python3.12/site-packages/my_robot_interfaces/msg/_hardware_status_s.c
[3.040s] -- Installing: /home/broodjesemih/ros2_ws/install/my_robot_interfaces/lib/python3.12/site-packages/my_robot_interfaces/msg/__init__.py
[3.040s] -- Installing: /home/broodjesemih/ros2_ws/install/my_robot_interfaces/lib/python3.12/site-packages/my_robot_interfaces/my_robot_interfaces_s__rosidl_typesupport_c.so
[3.040s] -- Installing: /home/broodjesemih/ros2_ws/install/my_robot_interfaces/lib/python3.12/site-packages/my_robot_interfaces/__init__.py
[3.066s] Listing '/home/broodjesemih/ros2_ws/install/my_robot_interfaces/lib/python3.12/site-packages/my_robot_interfaces'...
[3.066s] Compiling '/home/broodjesemih/ros2_ws/install/my_robot_interfaces/lib/python3.12/site-packages/my_robot_interfaces/__init__.py'...
[3.066s] Listing '/home/broodjesemih/ros2_ws/install/my_robot_interfaces/lib/python3.12/site-packages/my_robot_interfaces/msg'...
[3.066s] Compiling '/home/broodjesemih/ros2_ws/install/my_robot_interfaces/lib/python3.12/site-packages/my_robot_interfaces/msg/__init__.py'...
[3.066s] Compiling '/home/broodjesemih/ros2_ws/install/my_robot_interfaces/lib/python3.12/site-packages/my_robot_interfaces/msg/_hardware_status.py'...
[3.070s] -- Installing: /home/broodjesemih/ros2_ws/install/my_robot_interfaces/lib/python3.12/site-packages/my_robot_interfaces/my_robot_interfaces_s__rosidl_typesupport_fastrtps_c.so
[3.070s] -- Set non-toolchain portion of runtime path of "/home/broodjesemih/ros2_ws/install/my_robot_interfaces/lib/python3.12/site-packages/my_robot_interfaces/my_robot_interfaces_s__rosidl_typesupport_fastrtps_c.so" to ""
[3.070s] -- Installing: /home/broodjesemih/ros2_ws/install/my_robot_interfaces/lib/python3.12/site-packages/my_robot_interfaces/my_robot_interfaces_s__rosidl_typesupport_introspection_c.so
[3.070s] -- Set non-toolchain portion of runtime path of "/home/broodjesemih/ros2_ws/install/my_robot_interfaces/lib/python3.12/site-packages/my_robot_interfaces/my_robot_interfaces_s__rosidl_typesupport_introspection_c.so" to ""
[3.070s] -- Installing: /home/broodjesemih/ros2_ws/install/my_robot_interfaces/lib/python3.12/site-packages/my_robot_interfaces/my_robot_interfaces_s__rosidl_typesupport_c.so
[3.070s] -- Set non-toolchain portion of runtime path of "/home/broodjesemih/ros2_ws/install/my_robot_interfaces/lib/python3.12/site-packages/my_robot_interfaces/my_robot_interfaces_s__rosidl_typesupport_c.so" to ""
[3.070s] -- Installing: /home/broodjesemih/ros2_ws/install/my_robot_interfaces/lib/libmy_robot_interfaces__rosidl_generator_py.so
[3.070s] -- Set non-toolchain portion of runtime path of "/home/broodjesemih/ros2_ws/install/my_robot_interfaces/lib/libmy_robot_interfaces__rosidl_generator_py.so" to ""
[3.070s] -- Installing: /home/broodjesemih/ros2_ws/install/my_robot_interfaces/share/my_robot_interfaces/msg/HardwareStatus.idl
[3.070s] -- Installing: /home/broodjesemih/ros2_ws/install/my_robot_interfaces/share/my_robot_interfaces/msg/HardwareStatus.msg
[3.070s] -- Installing: /home/broodjesemih/ros2_ws/install/my_robot_interfaces/share/ament_index/resource_index/package_run_dependencies/my_robot_interfaces
[3.070s] -- Installing: /home/broodjesemih/ros2_ws/install/my_robot_interfaces/share/ament_index/resource_index/parent_prefix_path/my_robot_interfaces
[3.070s] -- Installing: /home/broodjesemih/ros2_ws/install/my_robot_interfaces/share/my_robot_interfaces/environment/ament_prefix_path.sh
[3.070s] -- Installing: /home/broodjesemih/ros2_ws/install/my_robot_interfaces/share/my_robot_interfaces/environment/ament_prefix_path.dsv
[3.071s] -- Installing: /home/broodjesemih/ros2_ws/install/my_robot_interfaces/share/my_robot_interfaces/environment/path.sh
[3.071s] -- Installing: /home/broodjesemih/ros2_ws/install/my_robot_interfaces/share/my_robot_interfaces/environment/path.dsv
[3.071s] -- Installing: /home/broodjesemih/ros2_ws/install/my_robot_interfaces/share/my_robot_interfaces/local_setup.bash
[3.071s] -- Installing: /home/broodjesemih/ros2_ws/install/my_robot_interfaces/share/my_robot_interfaces/local_setup.sh
[3.071s] -- Installing: /home/broodjesemih/ros2_ws/install/my_robot_interfaces/share/my_robot_interfaces/local_setup.zsh
[3.071s] -- Installing: /home/broodjesemih/ros2_ws/install/my_robot_interfaces/share/my_robot_interfaces/local_setup.dsv
[3.071s] -- Installing: /home/broodjesemih/ros2_ws/install/my_robot_interfaces/share/my_robot_interfaces/package.dsv
[3.071s] -- Installing: /home/broodjesemih/ros2_ws/install/my_robot_interfaces/share/ament_index/resource_index/packages/my_robot_interfaces
[3.071s] -- Installing: /home/broodjesemih/ros2_ws/install/my_robot_interfaces/share/my_robot_interfaces/cmake/export_my_robot_interfaces__rosidl_generator_cExport.cmake
[3.071s] -- Installing: /home/broodjesemih/ros2_ws/install/my_robot_interfaces/share/my_robot_interfaces/cmake/export_my_robot_interfaces__rosidl_generator_cExport-noconfig.cmake
[3.071s] -- Installing: /home/broodjesemih/ros2_ws/install/my_robot_interfaces/share/my_robot_interfaces/cmake/export_my_robot_interfaces__rosidl_typesupport_fastrtps_cExport.cmake
[3.071s] -- Installing: /home/broodjesemih/ros2_ws/install/my_robot_interfaces/share/my_robot_interfaces/cmake/export_my_robot_interfaces__rosidl_typesupport_fastrtps_cExport-noconfig.cmake
[3.071s] -- Installing: /home/broodjesemih/ros2_ws/install/my_robot_interfaces/share/my_robot_interfaces/cmake/my_robot_interfaces__rosidl_typesupport_introspection_cExport.cmake
[3.071s] -- Installing: /home/broodjesemih/ros2_ws/install/my_robot_interfaces/share/my_robot_interfaces/cmake/my_robot_interfaces__rosidl_typesupport_introspection_cExport-noconfig.cmake
[3.071s] -- Installing: /home/broodjesemih/ros2_ws/install/my_robot_interfaces/share/my_robot_interfaces/cmake/my_robot_interfaces__rosidl_typesupport_cExport.cmake
[3.071s] -- Installing: /home/broodjesemih/ros2_ws/install/my_robot_interfaces/share/my_robot_interfaces/cmake/my_robot_interfaces__rosidl_typesupport_cExport-noconfig.cmake
[3.071s] -- Installing: /home/broodjesemih/ros2_ws/install/my_robot_interfaces/share/my_robot_interfaces/cmake/export_my_robot_interfaces__rosidl_generator_cppExport.cmake
[3.071s] -- Installing: /home/broodjesemih/ros2_ws/install/my_robot_interfaces/share/my_robot_interfaces/cmake/export_my_robot_interfaces__rosidl_typesupport_fastrtps_cppExport.cmake
[3.071s] -- Installing: /home/broodjesemih/ros2_ws/install/my_robot_interfaces/share/my_robot_interfaces/cmake/export_my_robot_interfaces__rosidl_typesupport_fastrtps_cppExport-noconfig.cmake
[3.071s] -- Installing: /home/broodjesemih/ros2_ws/install/my_robot_interfaces/share/my_robot_interfaces/cmake/my_robot_interfaces__rosidl_typesupport_introspection_cppExport.cmake
[3.071s] -- Installing: /home/broodjesemih/ros2_ws/install/my_robot_interfaces/share/my_robot_interfaces/cmake/my_robot_interfaces__rosidl_typesupport_introspection_cppExport-noconfig.cmake
[3.072s] -- Installing: /home/broodjesemih/ros2_ws/install/my_robot_interfaces/share/my_robot_interfaces/cmake/my_robot_interfaces__rosidl_typesupport_cppExport.cmake
[3.072s] -- Installing: /home/broodjesemih/ros2_ws/install/my_robot_interfaces/share/my_robot_interfaces/cmake/my_robot_interfaces__rosidl_typesupport_cppExport-noconfig.cmake
[3.072s] -- Installing: /home/broodjesemih/ros2_ws/install/my_robot_interfaces/share/my_robot_interfaces/cmake/export_my_robot_interfaces__rosidl_generator_pyExport.cmake
[3.072s] -- Installing: /home/broodjesemih/ros2_ws/install/my_robot_interfaces/share/my_robot_interfaces/cmake/export_my_robot_interfaces__rosidl_generator_pyExport-noconfig.cmake
[3.072s] -- Installing: /home/broodjesemih/ros2_ws/install/my_robot_interfaces/share/my_robot_interfaces/cmake/rosidl_cmake-extras.cmake
[3.072s] -- Installing: /home/broodjesemih/ros2_ws/install/my_robot_interfaces/share/my_robot_interfaces/cmake/ament_cmake_export_include_directories-extras.cmake
[3.072s] -- Installing: /home/broodjesemih/ros2_ws/install/my_robot_interfaces/share/my_robot_interfaces/cmake/ament_cmake_export_libraries-extras.cmake
[3.072s] -- Installing: /home/broodjesemih/ros2_ws/install/my_robot_interfaces/share/my_robot_interfaces/cmake/ament_cmake_export_targets-extras.cmake
[3.072s] -- Installing: /home/broodjesemih/ros2_ws/install/my_robot_interfaces/share/my_robot_interfaces/cmake/rosidl_cmake_export_typesupport_targets-extras.cmake
[3.072s] -- Installing: /home/broodjesemih/ros2_ws/install/my_robot_interfaces/share/my_robot_interfaces/cmake/ament_cmake_export_dependencies-extras.cmake
[3.072s] -- Installing: /home/broodjesemih/ros2_ws/install/my_robot_interfaces/share/my_robot_interfaces/cmake/rosidl_cmake_export_typesupport_libraries-extras.cmake
[3.072s] -- Installing: /home/broodjesemih/ros2_ws/install/my_robot_interfaces/share/my_robot_interfaces/cmake/my_robot_interfacesConfig.cmake
[3.072s] -- Installing: /home/broodjesemih/ros2_ws/install/my_robot_interfaces/share/my_robot_interfaces/cmake/my_robot_interfacesConfig-version.cmake
[3.072s] -- Installing: /home/broodjesemih/ros2_ws/install/my_robot_interfaces/share/my_robot_interfaces/package.xml
[3.074s] Invoked command in '/home/broodjesemih/ros2_ws/build/my_robot_interfaces' returned '0': CMAKE_PREFIX_PATH=${CMAKE_PREFIX_PATH}:/opt/ros/jazzy DEBUGINFOD_URLS=https://debuginfod.ubuntu.com /usr/bin/cmake --install /home/broodjesemih/ros2_ws/build/my_robot_interfaces
