-- Found ament_cmake: 2.5.4 (/opt/ros/jazzy/share/ament_cmake/cmake)
-- Found rclcpp: 28.1.11 (/opt/ros/jazzy/share/rclcpp/cmake)
-- Found rosidl_generator_c: 4.6.6 (/opt/ros/jazzy/share/rosidl_generator_c/cmake)
-- Found rosidl_generator_cpp: 4.6.6 (/opt/ros/jazzy/share/rosidl_generator_cpp/cmake)
-- Using all available rosidl_typesupport_c: rosidl_typesupport_fastrtps_c;rosidl_typesupport_introspection_c
-- Using all available rosidl_typesupport_cpp: rosidl_typesupport_fastrtps_cpp;rosidl_typesupport_introspection_cpp
-- Found rmw_implementation_cmake: 7.3.2 (/opt/ros/jazzy/share/rmw_implementation_cmake/cmake)
-- Found rmw_fastrtps_cpp: 8.4.3 (/opt/ros/jazzy/share/rmw_fastrtps_cpp/cmake)
-- Using RMW implementation 'rmw_fastrtps_cpp' as default
-- Found rclcpp_action: 28.1.11 (/opt/ros/jazzy/share/rclcpp_action/cmake)
-- Found std_msgs: 5.3.6 (/opt/ros/jazzy/share/std_msgs/cmake)
-- Found ament_lint_auto: 0.17.3 (/opt/ros/jazzy/share/ament_lint_auto/cmake)
-- Added test 'cppcheck' to perform static code analysis on C / C++ code
-- Configured cppcheck include dirs: 
-- Configured cppcheck exclude dirs and/or files: 
-- Added test 'lint_cmake' to check CMake code style
-- Added test 'uncrustify' to check C / C++ code style
-- Configured uncrustify additional arguments: 
-- Added test 'xmllint' to check XML markup files
-- Configuring done (0.4s)
-- Generating done (0.0s)
-- Build files have been written to: /home/broodjesemih/ros2_ws/build/les_pkg
[ 10%] [32mBuilding CXX object CMakeFiles/clock.dir/src/clock.cpp.o[0m
[ 20%] [32mBuilding CXX object CMakeFiles/template_general.dir/src/template_general.cpp.o[0m
[ 30%] [32mBuilding CXX object CMakeFiles/template_publisher.dir/src/template_publisher.cpp.o[0m
[ 40%] [32mBuilding CXX object CMakeFiles/template_walltimer.dir/src/template_walltimer.cpp.o[0m
[ 50%] [32mBuilding CXX object CMakeFiles/template_subscriber.dir/src/template_subscriber.cpp.o[0m
[ 60%] [32m[1mLinking CXX executable clock[0m
[ 70%] [32m[1mLinking CXX executable template_general[0m
[ 70%] Built target clock
[ 70%] Built target template_general
[ 80%] [32m[1mLinking CXX executable template_walltimer[0m
[ 80%] Built target template_walltimer
[ 90%] [32m[1mLinking CXX executable template_subscriber[0m
[ 90%] Built target template_subscriber
