[0.006s] Invoking command in '/home/broodjesemih/ros2_ws/build/les_pkg': CMAKE_PREFIX_PATH=${CMAKE_PREFIX_PATH}:/opt/ros/jazzy DEBUGINFOD_URLS=https://debuginfod.ubuntu.com /usr/bin/cmake --build /home/broodjesemih/ros2_ws/build/les_pkg -- -j20 -l20
[0.026s] -- Found ament_cmake: 2.5.4 (/opt/ros/jazzy/share/ament_cmake/cmake)
[0.168s] -- Found rclcpp: 28.1.11 (/opt/ros/jazzy/share/rclcpp/cmake)
[0.184s] -- Found rosidl_generator_c: 4.6.6 (/opt/ros/jazzy/share/rosidl_generator_c/cmake)
[0.189s] -- Found rosidl_generator_cpp: 4.6.6 (/opt/ros/jazzy/share/rosidl_generator_cpp/cmake)
[0.196s] -- Using all available rosidl_typesupport_c: rosidl_typesupport_fastrtps_c;rosidl_typesupport_introspection_c
[0.203s] -- Using all available rosidl_typesupport_cpp: rosidl_typesupport_fastrtps_cpp;rosidl_typesupport_introspection_cpp
[0.239s] -- Found rmw_implementation_cmake: 7.3.2 (/opt/ros/jazzy/share/rmw_implementation_cmake/cmake)
[0.240s] -- Found rmw_fastrtps_cpp: 8.4.3 (/opt/ros/jazzy/share/rmw_fastrtps_cpp/cmake)
[0.284s] -- Using RMW implementation 'rmw_fastrtps_cpp' as default
[0.322s] -- Found rclcpp_action: 28.1.11 (/opt/ros/jazzy/share/rclcpp_action/cmake)
[0.346s] -- Found std_msgs: 5.3.6 (/opt/ros/jazzy/share/std_msgs/cmake)
[0.354s] [31mCMake Error at CMakeLists.txt:43 (install):
[0.354s]   install TARGETS given target "clock" which does not exist.
[0.354s] 
[0.354s] [0m
[0.354s] -- Found ament_lint_auto: 0.17.3 (/opt/ros/jazzy/share/ament_lint_auto/cmake)
[0.415s] -- Added test 'cppcheck' to perform static code analysis on C / C++ code
[0.415s] -- Configured cppcheck include dirs: 
[0.415s] -- Configured cppcheck exclude dirs and/or files: 
[0.415s] -- Added test 'lint_cmake' to check CMake code style
[0.415s] -- Added test 'uncrustify' to check C / C++ code style
[0.416s] -- Configured uncrustify additional arguments: 
[0.416s] -- Added test 'xmllint' to check XML markup files
[0.416s] -- Configuring incomplete, errors occurred!
[0.421s] gmake: *** [Makefile:267: cmake_check_build_system] Error 1
[0.423s] Invoked command in '/home/broodjesemih/ros2_ws/build/les_pkg' returned '2': CMAKE_PREFIX_PATH=${CMAKE_PREFIX_PATH}:/opt/ros/jazzy DEBUGINFOD_URLS=https://debuginfod.ubuntu.com /usr/bin/cmake --build /home/broodjesemih/ros2_ws/build/les_pkg -- -j20 -l20
