[ 33%] Built target template_general
[ 66%] Built target clock
[ 83%] [32mBuilding CXX object CMakeFiles/template_walltimer.dir/src/template_walltimer.cpp.o[0m
In file included from [01m[K/opt/ros/jazzy/include/rclcpp/rclcpp/logging.hpp:24[m[K,
                 from [01m[K/opt/ros/jazzy/include/rclcpp/rclcpp/copy_all_parameter_values.hpp:27[m[K,
                 from [01m[K/opt/ros/jazzy/include/rclcpp/rclcpp/rclcpp.hpp:171[m[K,
                 from [01m[K/home/broodjesemih/ros2_ws/src/les_pkg/src/template_walltimer.cpp:23[m[K:
[01m[K/home/broodjesemih/ros2_ws/src/les_pkg/src/template_walltimer.cpp:[m[K In member function ‘[01m[Kvoid Template_Walltimer::[01;32m[Ktimer_template_function[m[K()[m[K’:
[01m[K/home/broodjesemih/ros2_ws/src/les_pkg/src/template_walltimer.cpp:57:41:[m[K [01;35m[Kwarning: [m[Kformat ‘[01m[K%d[m[K’ expects argument of type ‘[01m[Kint[m[K’, but argument 5 has type ‘[01m[Krclcpp::Time[m[K’ [[01;35m[K]8;;https://gcc.gnu.org/onlinedocs/gcc/Warning-Options.html#index-Wformat=-Wformat=]8;;[m[K]
   57 |         RCLCPP_INFO(this->get_logger() ,[01;35m[K"The time is : %d"[m[K,my_time); //example code
      |                                         [01;35m[K^~~~~~~~~~~~~~~~~~[m[K
[01m[K/home/broodjesemih/ros2_ws/src/les_pkg/src/template_walltimer.cpp:57:57:[m[K [01;36m[Knote: [m[Kformat string is defined here
   57 |         RCLCPP_INFO(this->get_logger() ,"The time is : [01;36m[K%d[m[K",my_time); //example code
      |                                                        [01;36m[K~^[m[K
      |                                                         [01;36m[K|[m[K
      |                                                         [01;36m[Kint[m[K
[100%] [32m[1mLinking CXX executable template_walltimer[0m
[100%] Built target template_walltimer
-- Install configuration: ""
-- Up-to-date: /home/broodjesemih/ros2_ws/install/les_pkg/lib/les_pkg/template_general
-- Up-to-date: /home/broodjesemih/ros2_ws/install/les_pkg/lib/les_pkg/clock
-- Installing: /home/broodjesemih/ros2_ws/install/les_pkg/lib/les_pkg/template_walltimer
-- Set non-toolchain portion of runtime path of "/home/broodjesemih/ros2_ws/install/les_pkg/lib/les_pkg/template_walltimer" to ""
-- Up-to-date: /home/broodjesemih/ros2_ws/install/les_pkg/share/ament_index/resource_index/package_run_dependencies/les_pkg
-- Up-to-date: /home/broodjesemih/ros2_ws/install/les_pkg/share/ament_index/resource_index/parent_prefix_path/les_pkg
-- Up-to-date: /home/broodjesemih/ros2_ws/install/les_pkg/share/les_pkg/environment/ament_prefix_path.sh
-- Up-to-date: /home/broodjesemih/ros2_ws/install/les_pkg/share/les_pkg/environment/ament_prefix_path.dsv
-- Up-to-date: /home/broodjesemih/ros2_ws/install/les_pkg/share/les_pkg/environment/path.sh
-- Up-to-date: /home/broodjesemih/ros2_ws/install/les_pkg/share/les_pkg/environment/path.dsv
-- Up-to-date: /home/broodjesemih/ros2_ws/install/les_pkg/share/les_pkg/local_setup.bash
-- Up-to-date: /home/broodjesemih/ros2_ws/install/les_pkg/share/les_pkg/local_setup.sh
-- Up-to-date: /home/broodjesemih/ros2_ws/install/les_pkg/share/les_pkg/local_setup.zsh
-- Up-to-date: /home/broodjesemih/ros2_ws/install/les_pkg/share/les_pkg/local_setup.dsv
-- Installing: /home/broodjesemih/ros2_ws/install/les_pkg/share/les_pkg/package.dsv
-- Up-to-date: /home/broodjesemih/ros2_ws/install/les_pkg/share/ament_index/resource_index/packages/les_pkg
-- Up-to-date: /home/broodjesemih/ros2_ws/install/les_pkg/share/les_pkg/cmake/les_pkgConfig.cmake
-- Up-to-date: /home/broodjesemih/ros2_ws/install/les_pkg/share/les_pkg/cmake/les_pkgConfig-version.cmake
-- Up-to-date: /home/broodjesemih/ros2_ws/install/les_pkg/share/les_pkg/package.xml
