[0.007s] Invoking command in '/home/broodjesemih/ros2_ws/build/my_robot_interfaces': CMAKE_PREFIX_PATH=${CMAKE_PREFIX_PATH}:/opt/ros/jazzy DEBUGINFOD_URLS=https://debuginfod.ubuntu.com /usr/bin/cmake --build /home/broodjesemih/ros2_ws/build/my_robot_interfaces -- -j20 -l20
[0.026s] -- Found ament_cmake: 2.5.4 (/opt/ros/jazzy/share/ament_cmake/cmake)
[0.043s] -- Found Python3: /usr/bin/python3 (found version "3.12.3") found components: Interpreter 
[0.091s] -- Found rosidl_default_generators: 1.6.0 (/opt/ros/jazzy/share/rosidl_default_generators/cmake)
[0.092s] -- Using all available rosidl_typesupport_c: rosidl_typesupport_fastrtps_c;rosidl_typesupport_introspection_c
[0.113s] -- Using all available rosidl_typesupport_cpp: rosidl_typesupport_fastrtps_cpp;rosidl_typesupport_introspection_cpp
[0.130s] -- Found rosidl_adapter: 4.6.6 (/opt/ros/jazzy/share/rosidl_adapter/cmake)
[0.274s] -- Found ament_cmake_ros: 0.12.0 (/opt/ros/jazzy/share/ament_cmake_ros/cmake)
[0.333s] -- Using all available rosidl_typesupport_c: rosidl_typesupport_fastrtps_c;rosidl_typesupport_introspection_c
[0.406s] -- Using all available rosidl_typesupport_cpp: rosidl_typesupport_fastrtps_cpp;rosidl_typesupport_introspection_cpp
[0.406s] -- Found python_cmake_module: 0.11.1 (/opt/ros/jazzy/share/python_cmake_module/cmake)
[0.570s] -- Found Python3: /usr/bin/python3 (found version "3.12.3") found components: Interpreter Development NumPy Development.Module Development.Embed 
[0.575s] -- Found ament_lint_auto: 0.17.3 (/opt/ros/jazzy/share/ament_lint_auto/cmake)
[0.579s] -- Added test 'lint_cmake' to check CMake code style
[0.579s] -- Added test 'xmllint' to check XML markup files
[0.580s] -- Configuring done (0.6s)
[0.595s] -- Generating done (0.0s)
[0.600s] -- Build files have been written to: /home/broodjesemih/ros2_ws/build/my_robot_interfaces
[0.628s] [  2%] [34m[1mGenerating type hashes for ROS interfaces[0m
[0.632s] [  2%] Built target ament_cmake_python_copy_my_robot_interfaces
[0.736s] [  2%] Built target my_robot_interfaces__rosidl_generator_type_description
[0.745s] [  5%] [34m[1mGenerating C code for ROS interfaces[0m
[0.748s] running egg_info
[0.752s] [  8%] [34m[1mGenerating C++ code for ROS interfaces[0m
[0.758s] writing my_robot_interfaces.egg-info/PKG-INFO
[0.758s] writing dependency_links to my_robot_interfaces.egg-info/dependency_links.txt
[0.758s] writing top-level names to my_robot_interfaces.egg-info/top_level.txt
[0.788s] reading manifest file 'my_robot_interfaces.egg-info/SOURCES.txt'
[0.788s] writing manifest file 'my_robot_interfaces.egg-info/SOURCES.txt'
[0.808s] [  8%] Built target ament_cmake_python_build_my_robot_interfaces_egg
[0.887s] [  8%] Built target my_robot_interfaces__cpp
[0.900s] [ 11%] [32mBuilding C object CMakeFiles/my_robot_interfaces__rosidl_generator_c.dir/rosidl_generator_c/my_robot_interfaces/msg/detail/hardware_status__type_support.c.o[0m
[0.901s] [ 14%] [32mBuilding C object CMakeFiles/my_robot_interfaces__rosidl_generator_c.dir/rosidl_generator_c/my_robot_interfaces/msg/detail/hardware_status__description.c.o[0m
[0.901s] [ 17%] [32mBuilding C object CMakeFiles/my_robot_interfaces__rosidl_generator_c.dir/rosidl_generator_c/my_robot_interfaces/msg/detail/hardware_status__functions.c.o[0m
[0.934s] [ 20%] [32m[1mLinking C shared library libmy_robot_interfaces__rosidl_generator_c.so[0m
[0.960s] [ 20%] Built target my_robot_interfaces__rosidl_generator_c
[0.969s] [ 26%] [34m[1mGenerating C++ introspection for ROS interfaces[0m
[0.969s] [ 26%] [34m[1mGenerating C++ type support for eProsima Fast-RTPS[0m
[0.972s] [ 29%] [34m[1mGenerating C++ type support dispatch for ROS interfaces[0m
[0.972s] [ 35%] [34m[1mGenerating C introspection for ROS interfaces[0m
[0.973s] [ 35%] [34m[1mGenerating C type support for eProsima Fast-RTPS[0m
[0.974s] [ 38%] [34m[1mGenerating C type support dispatch for ROS interfaces[0m
[1.112s] [ 41%] [32mBuilding CXX object CMakeFiles/my_robot_interfaces__rosidl_typesupport_c.dir/rosidl_typesupport_c/my_robot_interfaces/msg/hardware_status__type_support.cpp.o[0m
[1.115s] [ 44%] [32mBuilding CXX object CMakeFiles/my_robot_interfaces__rosidl_typesupport_cpp.dir/rosidl_typesupport_cpp/my_robot_interfaces/msg/hardware_status__type_support.cpp.o[0m
[1.124s] [ 47%] [32mBuilding CXX object CMakeFiles/my_robot_interfaces__rosidl_typesupport_introspection_cpp.dir/rosidl_typesupport_introspection_cpp/my_robot_interfaces/msg/detail/hardware_status__type_support.cpp.o[0m
[1.124s] [ 50%] [32mBuilding C object CMakeFiles/my_robot_interfaces__rosidl_typesupport_introspection_c.dir/rosidl_typesupport_introspection_c/my_robot_interfaces/msg/detail/hardware_status__type_support.c.o[0m
[1.130s] [ 52%] [32mBuilding CXX object CMakeFiles/my_robot_interfaces__rosidl_typesupport_fastrtps_cpp.dir/rosidl_typesupport_fastrtps_cpp/my_robot_interfaces/msg/detail/dds_fastrtps/hardware_status__type_support.cpp.o[0m
[1.133s] [ 55%] [32mBuilding CXX object CMakeFiles/my_robot_interfaces__rosidl_typesupport_fastrtps_c.dir/rosidl_typesupport_fastrtps_c/my_robot_interfaces/msg/detail/hardware_status__type_support_c.cpp.o[0m
[1.141s] [ 58%] [32m[1mLinking CXX shared library libmy_robot_interfaces__rosidl_typesupport_c.so[0m
[1.151s] [ 61%] [32m[1mLinking C shared library libmy_robot_interfaces__rosidl_typesupport_introspection_c.so[0m
[1.169s] [ 61%] Built target my_robot_interfaces__rosidl_typesupport_c
[1.171s] [ 61%] Built target my_robot_interfaces__rosidl_typesupport_introspection_c
[1.282s] [ 64%] [32m[1mLinking CXX shared library libmy_robot_interfaces__rosidl_typesupport_cpp.so[0m
[1.290s] [ 67%] [32m[1mLinking CXX shared library libmy_robot_interfaces__rosidl_typesupport_introspection_cpp.so[0m
[1.313s] [ 67%] Built target my_robot_interfaces__rosidl_typesupport_cpp
[1.335s] [ 67%] Built target my_robot_interfaces__rosidl_typesupport_introspection_cpp
[1.392s] [ 70%] [32m[1mLinking CXX shared library libmy_robot_interfaces__rosidl_typesupport_fastrtps_c.so[0m
[1.397s] [ 73%] [32m[1mLinking CXX shared library libmy_robot_interfaces__rosidl_typesupport_fastrtps_cpp.so[0m
[1.444s] [ 73%] Built target my_robot_interfaces__rosidl_typesupport_fastrtps_c
[1.447s] [ 73%] Built target my_robot_interfaces__rosidl_typesupport_fastrtps_cpp
[1.463s] [ 73%] Built target my_robot_interfaces
[1.477s] [ 76%] [34m[1mGenerating Python code for ROS interfaces[0m
[1.620s] [ 76%] Built target my_robot_interfaces__py
[1.640s] [ 79%] [32mBuilding C object CMakeFiles/my_robot_interfaces__rosidl_generator_py.dir/rosidl_generator_py/my_robot_interfaces/msg/_hardware_status_s.c.o[0m
[1.709s] [ 82%] [32m[1mLinking C shared library libmy_robot_interfaces__rosidl_generator_py.so[0m
[1.737s] [ 82%] Built target my_robot_interfaces__rosidl_generator_py
[1.757s] [ 85%] [32mBuilding C object CMakeFiles/my_robot_interfaces_s__rosidl_typesupport_introspection_c.dir/rosidl_generator_py/my_robot_interfaces/_my_robot_interfaces_s.ep.rosidl_typesupport_introspection_c.c.o[0m
[1.757s] [ 88%] [32mBuilding C object CMakeFiles/my_robot_interfaces_s__rosidl_typesupport_c.dir/rosidl_generator_py/my_robot_interfaces/_my_robot_interfaces_s.ep.rosidl_typesupport_c.c.o[0m
[1.758s] [ 91%] [32mBuilding C object CMakeFiles/my_robot_interfaces_s__rosidl_typesupport_fastrtps_c.dir/rosidl_generator_py/my_robot_interfaces/_my_robot_interfaces_s.ep.rosidl_typesupport_fastrtps_c.c.o[0m
[1.826s] [ 94%] [32m[1mLinking C shared module rosidl_generator_py/my_robot_interfaces/my_robot_interfaces_s__rosidl_typesupport_fastrtps_c.so[0m
[1.837s] [ 97%] [32m[1mLinking C shared module rosidl_generator_py/my_robot_interfaces/my_robot_interfaces_s__rosidl_typesupport_introspection_c.so[0m
[1.850s] [100%] [32m[1mLinking C shared module rosidl_generator_py/my_robot_interfaces/my_robot_interfaces_s__rosidl_typesupport_c.so[0m
[1.852s] [100%] Built target my_robot_interfaces_s__rosidl_typesupport_fastrtps_c
[1.858s] [100%] Built target my_robot_interfaces_s__rosidl_typesupport_introspection_c
[1.874s] [100%] Built target my_robot_interfaces_s__rosidl_typesupport_c
[1.884s] Invoked command in '/home/broodjesemih/ros2_ws/build/my_robot_interfaces' returned '0': CMAKE_PREFIX_PATH=${CMAKE_PREFIX_PATH}:/opt/ros/jazzy DEBUGINFOD_URLS=https://debuginfod.ubuntu.com /usr/bin/cmake --build /home/broodjesemih/ros2_ws/build/my_robot_interfaces -- -j20 -l20
[1.889s] Invoking command in '/home/broodjesemih/ros2_ws/build/my_robot_interfaces': CMAKE_PREFIX_PATH=${CMAKE_PREFIX_PATH}:/opt/ros/jazzy DEBUGINFOD_URLS=https://debuginfod.ubuntu.com /usr/bin/cmake --install /home/broodjesemih/ros2_ws/build/my_robot_interfaces
[1.895s] -- Install configuration: ""
[1.895s] -- Up-to-date: /home/broodjesemih/ros2_ws/install/my_robot_interfaces/share/ament_index/resource_index/rosidl_interfaces/my_robot_interfaces
[1.895s] -- Installing: /home/broodjesemih/ros2_ws/install/my_robot_interfaces/share/my_robot_interfaces/msg/HardwareStatus.json
[1.895s] -- Up-to-date: /home/broodjesemih/ros2_ws/install/my_robot_interfaces/include/my_robot_interfaces/my_robot_interfaces
[1.895s] -- Up-to-date: /home/broodjesemih/ros2_ws/install/my_robot_interfaces/include/my_robot_interfaces/my_robot_interfaces/msg
[1.895s] -- Up-to-date: /home/broodjesemih/ros2_ws/install/my_robot_interfaces/include/my_robot_interfaces/my_robot_interfaces/msg/rosidl_generator_c__visibility_control.h
[1.895s] -- Installing: /home/broodjesemih/ros2_ws/install/my_robot_interfaces/include/my_robot_interfaces/my_robot_interfaces/msg/hardware_status.h
[1.895s] -- Up-to-date: /home/broodjesemih/ros2_ws/install/my_robot_interfaces/include/my_robot_interfaces/my_robot_interfaces/msg/detail
[1.895s] -- Installing: /home/broodjesemih/ros2_ws/install/my_robot_interfaces/include/my_robot_interfaces/my_robot_interfaces/msg/detail/hardware_status__functions.c
[1.895s] -- Installing: /home/broodjesemih/ros2_ws/install/my_robot_interfaces/include/my_robot_interfaces/my_robot_interfaces/msg/detail/hardware_status__struct.h
[1.895s] -- Installing: /home/broodjesemih/ros2_ws/install/my_robot_interfaces/include/my_robot_interfaces/my_robot_interfaces/msg/detail/hardware_status__type_support.c
[1.895s] -- Installing: /home/broodjesemih/ros2_ws/install/my_robot_interfaces/include/my_robot_interfaces/my_robot_interfaces/msg/detail/hardware_status__type_support.h
[1.895s] -- Installing: /home/broodjesemih/ros2_ws/install/my_robot_interfaces/include/my_robot_interfaces/my_robot_interfaces/msg/detail/hardware_status__functions.h
[1.895s] -- Installing: /home/broodjesemih/ros2_ws/install/my_robot_interfaces/include/my_robot_interfaces/my_robot_interfaces/msg/detail/hardware_status__description.c
[1.895s] -- Up-to-date: /home/broodjesemih/ros2_ws/install/my_robot_interfaces/share/my_robot_interfaces/environment/library_path.sh
[1.895s] -- Up-to-date: /home/broodjesemih/ros2_ws/install/my_robot_interfaces/share/my_robot_interfaces/environment/library_path.dsv
[1.896s] -- Installing: /home/broodjesemih/ros2_ws/install/my_robot_interfaces/lib/libmy_robot_interfaces__rosidl_generator_c.so
[1.896s] -- Set non-toolchain portion of runtime path of "/home/broodjesemih/ros2_ws/install/my_robot_interfaces/lib/libmy_robot_interfaces__rosidl_generator_c.so" to ""
[1.896s] -- Up-to-date: /home/broodjesemih/ros2_ws/install/my_robot_interfaces/include/my_robot_interfaces/my_robot_interfaces
[1.896s] -- Up-to-date: /home/broodjesemih/ros2_ws/install/my_robot_interfaces/include/my_robot_interfaces/my_robot_interfaces/msg
[1.896s] -- Up-to-date: /home/broodjesemih/ros2_ws/install/my_robot_interfaces/include/my_robot_interfaces/my_robot_interfaces/msg/detail
[1.896s] -- Installing: /home/broodjesemih/ros2_ws/install/my_robot_interfaces/include/my_robot_interfaces/my_robot_interfaces/msg/detail/hardware_status__rosidl_typesupport_fastrtps_c.h
[1.896s] -- Up-to-date: /home/broodjesemih/ros2_ws/install/my_robot_interfaces/include/my_robot_interfaces/my_robot_interfaces/msg/rosidl_typesupport_fastrtps_c__visibility_control.h
[1.896s] -- Installing: /home/broodjesemih/ros2_ws/install/my_robot_interfaces/lib/libmy_robot_interfaces__rosidl_typesupport_fastrtps_c.so
[1.896s] -- Set non-toolchain portion of runtime path of "/home/broodjesemih/ros2_ws/install/my_robot_interfaces/lib/libmy_robot_interfaces__rosidl_typesupport_fastrtps_c.so" to ""
[1.896s] -- Up-to-date: /home/broodjesemih/ros2_ws/install/my_robot_interfaces/include/my_robot_interfaces/my_robot_interfaces
[1.896s] -- Up-to-date: /home/broodjesemih/ros2_ws/install/my_robot_interfaces/include/my_robot_interfaces/my_robot_interfaces/msg
[1.896s] -- Up-to-date: /home/broodjesemih/ros2_ws/install/my_robot_interfaces/include/my_robot_interfaces/my_robot_interfaces/msg/rosidl_typesupport_introspection_c__visibility_control.h
[1.896s] -- Up-to-date: /home/broodjesemih/ros2_ws/install/my_robot_interfaces/include/my_robot_interfaces/my_robot_interfaces/msg/detail
[1.896s] -- Up-to-date: /home/broodjesemih/ros2_ws/install/my_robot_interfaces/include/my_robot_interfaces/my_robot_interfaces/msg/detail/hardware_status__type_support.c
[1.896s] -- Installing: /home/broodjesemih/ros2_ws/install/my_robot_interfaces/include/my_robot_interfaces/my_robot_interfaces/msg/detail/hardware_status__rosidl_typesupport_introspection_c.h
[1.896s] -- Installing: /home/broodjesemih/ros2_ws/install/my_robot_interfaces/lib/libmy_robot_interfaces__rosidl_typesupport_introspection_c.so
[1.896s] -- Set non-toolchain portion of runtime path of "/home/broodjesemih/ros2_ws/install/my_robot_interfaces/lib/libmy_robot_interfaces__rosidl_typesupport_introspection_c.so" to ""
[1.896s] -- Installing: /home/broodjesemih/ros2_ws/install/my_robot_interfaces/lib/libmy_robot_interfaces__rosidl_typesupport_c.so
[1.896s] -- Set non-toolchain portion of runtime path of "/home/broodjesemih/ros2_ws/install/my_robot_interfaces/lib/libmy_robot_interfaces__rosidl_typesupport_c.so" to ""
[1.896s] -- Up-to-date: /home/broodjesemih/ros2_ws/install/my_robot_interfaces/include/my_robot_interfaces/my_robot_interfaces
[1.896s] -- Up-to-date: /home/broodjesemih/ros2_ws/install/my_robot_interfaces/include/my_robot_interfaces/my_robot_interfaces/msg
[1.896s] -- Installing: /home/broodjesemih/ros2_ws/install/my_robot_interfaces/include/my_robot_interfaces/my_robot_interfaces/msg/rosidl_generator_cpp__visibility_control.hpp
[1.896s] -- Installing: /home/broodjesemih/ros2_ws/install/my_robot_interfaces/include/my_robot_interfaces/my_robot_interfaces/msg/hardware_status.hpp
[1.896s] -- Up-to-date: /home/broodjesemih/ros2_ws/install/my_robot_interfaces/include/my_robot_interfaces/my_robot_interfaces/msg/detail
[1.896s] -- Installing: /home/broodjesemih/ros2_ws/install/my_robot_interfaces/include/my_robot_interfaces/my_robot_interfaces/msg/detail/hardware_status__type_support.hpp
[1.897s] -- Installing: /home/broodjesemih/ros2_ws/install/my_robot_interfaces/include/my_robot_interfaces/my_robot_interfaces/msg/detail/hardware_status__traits.hpp
[1.897s] -- Installing: /home/broodjesemih/ros2_ws/install/my_robot_interfaces/include/my_robot_interfaces/my_robot_interfaces/msg/detail/hardware_status__struct.hpp
[1.897s] -- Installing: /home/broodjesemih/ros2_ws/install/my_robot_interfaces/include/my_robot_interfaces/my_robot_interfaces/msg/detail/hardware_status__builder.hpp
[1.897s] -- Up-to-date: /home/broodjesemih/ros2_ws/install/my_robot_interfaces/include/my_robot_interfaces/my_robot_interfaces
[1.897s] -- Up-to-date: /home/broodjesemih/ros2_ws/install/my_robot_interfaces/include/my_robot_interfaces/my_robot_interfaces/msg
[1.897s] -- Up-to-date: /home/broodjesemih/ros2_ws/install/my_robot_interfaces/include/my_robot_interfaces/my_robot_interfaces/msg/rosidl_typesupport_fastrtps_cpp__visibility_control.h
[1.897s] -- Up-to-date: /home/broodjesemih/ros2_ws/install/my_robot_interfaces/include/my_robot_interfaces/my_robot_interfaces/msg/detail
[1.897s] -- Installing: /home/broodjesemih/ros2_ws/install/my_robot_interfaces/include/my_robot_interfaces/my_robot_interfaces/msg/detail/hardware_status__rosidl_typesupport_fastrtps_cpp.hpp
[1.897s] -- Up-to-date: /home/broodjesemih/ros2_ws/install/my_robot_interfaces/include/my_robot_interfaces/my_robot_interfaces/msg/detail/dds_fastrtps
[1.897s] -- Installing: /home/broodjesemih/ros2_ws/install/my_robot_interfaces/lib/libmy_robot_interfaces__rosidl_typesupport_fastrtps_cpp.so
[1.897s] -- Set non-toolchain portion of runtime path of "/home/broodjesemih/ros2_ws/install/my_robot_interfaces/lib/libmy_robot_interfaces__rosidl_typesupport_fastrtps_cpp.so" to ""
[1.897s] -- Up-to-date: /home/broodjesemih/ros2_ws/install/my_robot_interfaces/include/my_robot_interfaces/my_robot_interfaces
[1.897s] -- Up-to-date: /home/broodjesemih/ros2_ws/install/my_robot_interfaces/include/my_robot_interfaces/my_robot_interfaces/msg
[1.897s] -- Up-to-date: /home/broodjesemih/ros2_ws/install/my_robot_interfaces/include/my_robot_interfaces/my_robot_interfaces/msg/detail
[1.897s] -- Installing: /home/broodjesemih/ros2_ws/install/my_robot_interfaces/include/my_robot_interfaces/my_robot_interfaces/msg/detail/hardware_status__rosidl_typesupport_introspection_cpp.hpp
[1.897s] -- Installing: /home/broodjesemih/ros2_ws/install/my_robot_interfaces/include/my_robot_interfaces/my_robot_interfaces/msg/detail/hardware_status__type_support.cpp
[1.897s] -- Installing: /home/broodjesemih/ros2_ws/install/my_robot_interfaces/lib/libmy_robot_interfaces__rosidl_typesupport_introspection_cpp.so
[1.897s] -- Set non-toolchain portion of runtime path of "/home/broodjesemih/ros2_ws/install/my_robot_interfaces/lib/libmy_robot_interfaces__rosidl_typesupport_introspection_cpp.so" to ""
[1.897s] -- Installing: /home/broodjesemih/ros2_ws/install/my_robot_interfaces/lib/libmy_robot_interfaces__rosidl_typesupport_cpp.so
[1.897s] -- Set non-toolchain portion of runtime path of "/home/broodjesemih/ros2_ws/install/my_robot_interfaces/lib/libmy_robot_interfaces__rosidl_typesupport_cpp.so" to ""
[1.897s] -- Up-to-date: /home/broodjesemih/ros2_ws/install/my_robot_interfaces/share/my_robot_interfaces/environment/pythonpath.sh
[1.897s] -- Up-to-date: /home/broodjesemih/ros2_ws/install/my_robot_interfaces/share/my_robot_interfaces/environment/pythonpath.dsv
[1.897s] -- Up-to-date: /home/broodjesemih/ros2_ws/install/my_robot_interfaces/lib/python3.12/site-packages/my_robot_interfaces-0.0.0-py3.12.egg-info
[1.898s] -- Installing: /home/broodjesemih/ros2_ws/install/my_robot_interfaces/lib/python3.12/site-packages/my_robot_interfaces-0.0.0-py3.12.egg-info/top_level.txt
[1.898s] -- Installing: /home/broodjesemih/ros2_ws/install/my_robot_interfaces/lib/python3.12/site-packages/my_robot_interfaces-0.0.0-py3.12.egg-info/dependency_links.txt
[1.898s] -- Installing: /home/broodjesemih/ros2_ws/install/my_robot_interfaces/lib/python3.12/site-packages/my_robot_interfaces-0.0.0-py3.12.egg-info/SOURCES.txt
[1.898s] -- Installing: /home/broodjesemih/ros2_ws/install/my_robot_interfaces/lib/python3.12/site-packages/my_robot_interfaces-0.0.0-py3.12.egg-info/PKG-INFO
[1.898s] -- Up-to-date: /home/broodjesemih/ros2_ws/install/my_robot_interfaces/lib/python3.12/site-packages/my_robot_interfaces
[1.898s] -- Installing: /home/broodjesemih/ros2_ws/install/my_robot_interfaces/lib/python3.12/site-packages/my_robot_interfaces/_my_robot_interfaces_s.ep.rosidl_typesupport_introspection_c.c
[1.898s] -- Installing: /home/broodjesemih/ros2_ws/install/my_robot_interfaces/lib/python3.12/site-packages/my_robot_interfaces/my_robot_interfaces_s__rosidl_typesupport_introspection_c.so
[1.898s] -- Installing: /home/broodjesemih/ros2_ws/install/my_robot_interfaces/lib/python3.12/site-packages/my_robot_interfaces/_my_robot_interfaces_s.ep.rosidl_typesupport_fastrtps_c.c
[1.898s] -- Installing: /home/broodjesemih/ros2_ws/install/my_robot_interfaces/lib/python3.12/site-packages/my_robot_interfaces/_my_robot_interfaces_s.ep.rosidl_typesupport_c.c
[1.898s] -- Installing: /home/broodjesemih/ros2_ws/install/my_robot_interfaces/lib/python3.12/site-packages/my_robot_interfaces/my_robot_interfaces_s__rosidl_typesupport_fastrtps_c.so
[1.898s] -- Up-to-date: /home/broodjesemih/ros2_ws/install/my_robot_interfaces/lib/python3.12/site-packages/my_robot_interfaces/msg
[1.898s] -- Installing: /home/broodjesemih/ros2_ws/install/my_robot_interfaces/lib/python3.12/site-packages/my_robot_interfaces/msg/_hardware_status.py
[1.898s] -- Installing: /home/broodjesemih/ros2_ws/install/my_robot_interfaces/lib/python3.12/site-packages/my_robot_interfaces/msg/_hardware_status_s.c
[1.898s] -- Installing: /home/broodjesemih/ros2_ws/install/my_robot_interfaces/lib/python3.12/site-packages/my_robot_interfaces/msg/__init__.py
[1.898s] -- Installing: /home/broodjesemih/ros2_ws/install/my_robot_interfaces/lib/python3.12/site-packages/my_robot_interfaces/my_robot_interfaces_s__rosidl_typesupport_c.so
[1.898s] -- Installing: /home/broodjesemih/ros2_ws/install/my_robot_interfaces/lib/python3.12/site-packages/my_robot_interfaces/__init__.py
[1.921s] Listing '/home/broodjesemih/ros2_ws/install/my_robot_interfaces/lib/python3.12/site-packages/my_robot_interfaces'...
[1.921s] Compiling '/home/broodjesemih/ros2_ws/install/my_robot_interfaces/lib/python3.12/site-packages/my_robot_interfaces/__init__.py'...
[1.921s] Listing '/home/broodjesemih/ros2_ws/install/my_robot_interfaces/lib/python3.12/site-packages/my_robot_interfaces/msg'...
[1.921s] Compiling '/home/broodjesemih/ros2_ws/install/my_robot_interfaces/lib/python3.12/site-packages/my_robot_interfaces/msg/__init__.py'...
[1.921s] Compiling '/home/broodjesemih/ros2_ws/install/my_robot_interfaces/lib/python3.12/site-packages/my_robot_interfaces/msg/_hardware_status.py'...
[1.924s] -- Installing: /home/broodjesemih/ros2_ws/install/my_robot_interfaces/lib/python3.12/site-packages/my_robot_interfaces/my_robot_interfaces_s__rosidl_typesupport_fastrtps_c.so
[1.924s] -- Set non-toolchain portion of runtime path of "/home/broodjesemih/ros2_ws/install/my_robot_interfaces/lib/python3.12/site-packages/my_robot_interfaces/my_robot_interfaces_s__rosidl_typesupport_fastrtps_c.so" to ""
[1.924s] -- Installing: /home/broodjesemih/ros2_ws/install/my_robot_interfaces/lib/python3.12/site-packages/my_robot_interfaces/my_robot_interfaces_s__rosidl_typesupport_introspection_c.so
[1.925s] -- Set non-toolchain portion of runtime path of "/home/broodjesemih/ros2_ws/install/my_robot_interfaces/lib/python3.12/site-packages/my_robot_interfaces/my_robot_interfaces_s__rosidl_typesupport_introspection_c.so" to ""
[1.925s] -- Installing: /home/broodjesemih/ros2_ws/install/my_robot_interfaces/lib/python3.12/site-packages/my_robot_interfaces/my_robot_interfaces_s__rosidl_typesupport_c.so
[1.925s] -- Set non-toolchain portion of runtime path of "/home/broodjesemih/ros2_ws/install/my_robot_interfaces/lib/python3.12/site-packages/my_robot_interfaces/my_robot_interfaces_s__rosidl_typesupport_c.so" to ""
[1.925s] -- Installing: /home/broodjesemih/ros2_ws/install/my_robot_interfaces/lib/libmy_robot_interfaces__rosidl_generator_py.so
[1.925s] -- Set non-toolchain portion of runtime path of "/home/broodjesemih/ros2_ws/install/my_robot_interfaces/lib/libmy_robot_interfaces__rosidl_generator_py.so" to ""
[1.925s] -- Installing: /home/broodjesemih/ros2_ws/install/my_robot_interfaces/share/my_robot_interfaces/msg/HardwareStatus.idl
[1.925s] -- Installing: /home/broodjesemih/ros2_ws/install/my_robot_interfaces/share/my_robot_interfaces/msg/HardwareStatus.msg
[1.925s] -- Up-to-date: /home/broodjesemih/ros2_ws/install/my_robot_interfaces/share/ament_index/resource_index/package_run_dependencies/my_robot_interfaces
[1.925s] -- Installing: /home/broodjesemih/ros2_ws/install/my_robot_interfaces/share/ament_index/resource_index/parent_prefix_path/my_robot_interfaces
[1.925s] -- Up-to-date: /home/broodjesemih/ros2_ws/install/my_robot_interfaces/share/my_robot_interfaces/environment/ament_prefix_path.sh
[1.925s] -- Up-to-date: /home/broodjesemih/ros2_ws/install/my_robot_interfaces/share/my_robot_interfaces/environment/ament_prefix_path.dsv
[1.925s] -- Up-to-date: /home/broodjesemih/ros2_ws/install/my_robot_interfaces/share/my_robot_interfaces/environment/path.sh
[1.925s] -- Up-to-date: /home/broodjesemih/ros2_ws/install/my_robot_interfaces/share/my_robot_interfaces/environment/path.dsv
[1.925s] -- Up-to-date: /home/broodjesemih/ros2_ws/install/my_robot_interfaces/share/my_robot_interfaces/local_setup.bash
[1.925s] -- Up-to-date: /home/broodjesemih/ros2_ws/install/my_robot_interfaces/share/my_robot_interfaces/local_setup.sh
[1.925s] -- Up-to-date: /home/broodjesemih/ros2_ws/install/my_robot_interfaces/share/my_robot_interfaces/local_setup.zsh
[1.925s] -- Up-to-date: /home/broodjesemih/ros2_ws/install/my_robot_interfaces/share/my_robot_interfaces/local_setup.dsv
[1.925s] -- Installing: /home/broodjesemih/ros2_ws/install/my_robot_interfaces/share/my_robot_interfaces/package.dsv
[1.925s] -- Up-to-date: /home/broodjesemih/ros2_ws/install/my_robot_interfaces/share/ament_index/resource_index/packages/my_robot_interfaces
[1.925s] -- Up-to-date: /home/broodjesemih/ros2_ws/install/my_robot_interfaces/share/my_robot_interfaces/cmake/export_my_robot_interfaces__rosidl_generator_cExport.cmake
[1.926s] -- Up-to-date: /home/broodjesemih/ros2_ws/install/my_robot_interfaces/share/my_robot_interfaces/cmake/export_my_robot_interfaces__rosidl_generator_cExport-noconfig.cmake
[1.926s] -- Up-to-date: /home/broodjesemih/ros2_ws/install/my_robot_interfaces/share/my_robot_interfaces/cmake/export_my_robot_interfaces__rosidl_typesupport_fastrtps_cExport.cmake
[1.926s] -- Up-to-date: /home/broodjesemih/ros2_ws/install/my_robot_interfaces/share/my_robot_interfaces/cmake/export_my_robot_interfaces__rosidl_typesupport_fastrtps_cExport-noconfig.cmake
[1.926s] -- Up-to-date: /home/broodjesemih/ros2_ws/install/my_robot_interfaces/share/my_robot_interfaces/cmake/my_robot_interfaces__rosidl_typesupport_introspection_cExport.cmake
[1.926s] -- Up-to-date: /home/broodjesemih/ros2_ws/install/my_robot_interfaces/share/my_robot_interfaces/cmake/my_robot_interfaces__rosidl_typesupport_introspection_cExport-noconfig.cmake
[1.926s] -- Up-to-date: /home/broodjesemih/ros2_ws/install/my_robot_interfaces/share/my_robot_interfaces/cmake/my_robot_interfaces__rosidl_typesupport_cExport.cmake
[1.926s] -- Up-to-date: /home/broodjesemih/ros2_ws/install/my_robot_interfaces/share/my_robot_interfaces/cmake/my_robot_interfaces__rosidl_typesupport_cExport-noconfig.cmake
[1.926s] -- Up-to-date: /home/broodjesemih/ros2_ws/install/my_robot_interfaces/share/my_robot_interfaces/cmake/export_my_robot_interfaces__rosidl_generator_cppExport.cmake
[1.926s] -- Up-to-date: /home/broodjesemih/ros2_ws/install/my_robot_interfaces/share/my_robot_interfaces/cmake/export_my_robot_interfaces__rosidl_typesupport_fastrtps_cppExport.cmake
[1.926s] -- Up-to-date: /home/broodjesemih/ros2_ws/install/my_robot_interfaces/share/my_robot_interfaces/cmake/export_my_robot_interfaces__rosidl_typesupport_fastrtps_cppExport-noconfig.cmake
[1.926s] -- Up-to-date: /home/broodjesemih/ros2_ws/install/my_robot_interfaces/share/my_robot_interfaces/cmake/my_robot_interfaces__rosidl_typesupport_introspection_cppExport.cmake
[1.926s] -- Up-to-date: /home/broodjesemih/ros2_ws/install/my_robot_interfaces/share/my_robot_interfaces/cmake/my_robot_interfaces__rosidl_typesupport_introspection_cppExport-noconfig.cmake
[1.926s] -- Up-to-date: /home/broodjesemih/ros2_ws/install/my_robot_interfaces/share/my_robot_interfaces/cmake/my_robot_interfaces__rosidl_typesupport_cppExport.cmake
[1.926s] -- Up-to-date: /home/broodjesemih/ros2_ws/install/my_robot_interfaces/share/my_robot_interfaces/cmake/my_robot_interfaces__rosidl_typesupport_cppExport-noconfig.cmake
[1.926s] -- Up-to-date: /home/broodjesemih/ros2_ws/install/my_robot_interfaces/share/my_robot_interfaces/cmake/export_my_robot_interfaces__rosidl_generator_pyExport.cmake
[1.926s] -- Up-to-date: /home/broodjesemih/ros2_ws/install/my_robot_interfaces/share/my_robot_interfaces/cmake/export_my_robot_interfaces__rosidl_generator_pyExport-noconfig.cmake
[1.926s] -- Up-to-date: /home/broodjesemih/ros2_ws/install/my_robot_interfaces/share/my_robot_interfaces/cmake/rosidl_cmake-extras.cmake
[1.926s] -- Up-to-date: /home/broodjesemih/ros2_ws/install/my_robot_interfaces/share/my_robot_interfaces/cmake/ament_cmake_export_include_directories-extras.cmake
[1.926s] -- Up-to-date: /home/broodjesemih/ros2_ws/install/my_robot_interfaces/share/my_robot_interfaces/cmake/ament_cmake_export_libraries-extras.cmake
[1.926s] -- Up-to-date: /home/broodjesemih/ros2_ws/install/my_robot_interfaces/share/my_robot_interfaces/cmake/ament_cmake_export_targets-extras.cmake
[1.926s] -- Up-to-date: /home/broodjesemih/ros2_ws/install/my_robot_interfaces/share/my_robot_interfaces/cmake/rosidl_cmake_export_typesupport_targets-extras.cmake
[1.926s] -- Up-to-date: /home/broodjesemih/ros2_ws/install/my_robot_interfaces/share/my_robot_interfaces/cmake/ament_cmake_export_dependencies-extras.cmake
[1.926s] -- Up-to-date: /home/broodjesemih/ros2_ws/install/my_robot_interfaces/share/my_robot_interfaces/cmake/rosidl_cmake_export_typesupport_libraries-extras.cmake
[1.926s] -- Up-to-date: /home/broodjesemih/ros2_ws/install/my_robot_interfaces/share/my_robot_interfaces/cmake/my_robot_interfacesConfig.cmake
[1.926s] -- Up-to-date: /home/broodjesemih/ros2_ws/install/my_robot_interfaces/share/my_robot_interfaces/cmake/my_robot_interfacesConfig-version.cmake
[1.926s] -- Installing: /home/broodjesemih/ros2_ws/install/my_robot_interfaces/share/my_robot_interfaces/package.xml
[1.927s] Invoked command in '/home/broodjesemih/ros2_ws/build/my_robot_interfaces' returned '0': CMAKE_PREFIX_PATH=${CMAKE_PREFIX_PATH}:/opt/ros/jazzy DEBUGINFOD_URLS=https://debuginfod.ubuntu.com /usr/bin/cmake --install /home/broodjesemih/ros2_ws/build/my_robot_interfaces
