In file included from [01m[K/opt/ros/jazzy/include/rclcpp/rclcpp/logging.hpp:24[m[K,
                 from [01m[K/opt/ros/jazzy/include/rclcpp/rclcpp/copy_all_parameter_values.hpp:27[m[K,
                 from [01m[K/opt/ros/jazzy/include/rclcpp/rclcpp/rclcpp.hpp:171[m[K,
                 from [01m[K/home/broodjesemih/ros2_ws/src/les_pkg/src/clock.cpp:23[m[K:
[01m[K/home/broodjesemih/ros2_ws/src/les_pkg/src/clock.cpp:[m[K In member function ‘[01m[Kvoid Clock::[01;32m[Kcustom_example[m[K()[m[K’:
[01m[K/home/broodjesemih/ros2_ws/src/les_pkg/src/clock.cpp:62:49:[m[K [01;35m[Kwarning: [m[Kformat ‘[01m[K%d[m[K’ expects argument of type ‘[01m[Kint[m[K’, but argument 5 has type ‘[01m[Kdouble[m[K’ [[01;35m[K]8;;https://gcc.gnu.org/onlinedocs/gcc/Warning-Options.html#index-Wformat=-Wformat=]8;;[m[K]
   62 |                 RCLCPP_INFO(this->get_logger() ,[01;35m[K"Current time: %d sec and %d nanosec"[m[K, [32m[Kmy_time.seconds()[m[K, my_time.nanoseconds());
      |                                                 [01;35m[K^~~~~~~~~~~~~~~~~~~~~~~~~~~~~~~~~~~~~[m[K  [32m[K~~~~~~~~~~~~~~~~~[m[K
      |                                                                                                       [32m[K|[m[K
      |                                                                                                       [32m[Kdouble[m[K
[01m[K/home/broodjesemih/ros2_ws/src/les_pkg/src/clock.cpp:62:65:[m[K [01;36m[Knote: [m[Kformat string is defined here
   62 |                 RCLCPP_INFO(this->get_logger() ,"Current time: [01;36m[K%d[m[K sec and %d nanosec", my_time.seconds(), my_time.nanoseconds());
      |                                                                [01;36m[K~^[m[K
      |                                                                 [01;36m[K|[m[K
      |                                                                 [01;36m[Kint[m[K
      |                                                                [32m[K%f[m[K
[01m[K/home/broodjesemih/ros2_ws/src/les_pkg/src/clock.cpp:62:49:[m[K [01;35m[Kwarning: [m[Kformat ‘[01m[K%d[m[K’ expects argument of type ‘[01m[Kint[m[K’, but argument 6 has type ‘[01m[Krcl_time_point_value_t[m[K’ {aka ‘[01m[Klong int[m[K’} [[01;35m[K]8;;https://gcc.gnu.org/onlinedocs/gcc/Warning-Options.html#index-Wformat=-Wformat=]8;;[m[K]
   62 |                 RCLCPP_INFO(this->get_logger() ,[01;35m[K"Current time: %d sec and %d nanosec"[m[K, my_time.seconds(), [32m[Kmy_time.nanoseconds()[m[K);
      |                                                 [01;35m[K^~~~~~~~~~~~~~~~~~~~~~~~~~~~~~~~~~~~~[m[K                     [32m[K~~~~~~~~~~~~~~~~~~~~~[m[K
      |                                                                                                                              [32m[K|[m[K
      |                                                                                                                              [32m[Krcl_time_point_value_t {aka long int}[m[K
[01m[K/home/broodjesemih/ros2_ws/src/les_pkg/src/clock.cpp:62:76:[m[K [01;36m[Knote: [m[Kformat string is defined here
   62 |                 RCLCPP_INFO(this->get_logger() ,"Current time: %d sec and [01;36m[K%d[m[K nanosec", my_time.seconds(), my_time.nanoseconds());
      |                                                                           [01;36m[K~^[m[K
      |                                                                            [01;36m[K|[m[K
      |                                                                            [01;36m[Kint[m[K
      |                                                                           [32m[K%ld[m[K
