[0.007s] Invoking command in '/home/broodjesemih/ros2_ws/build/les_pkg': CMAKE_PREFIX_PATH=${CMAKE_PREFIX_PATH}:/opt/ros/jazzy DEBUGINFOD_URLS=https://debuginfod.ubuntu.com /usr/bin/cmake --build /home/broodjesemih/ros2_ws/build/les_pkg -- -j20 -l20
[0.028s] -- Found ament_cmake: 2.5.4 (/opt/ros/jazzy/share/ament_cmake/cmake)
[0.171s] -- Found rclcpp: 28.1.11 (/opt/ros/jazzy/share/rclcpp/cmake)
[0.187s] -- Found rosidl_generator_c: 4.6.6 (/opt/ros/jazzy/share/rosidl_generator_c/cmake)
[0.192s] -- Found rosidl_generator_cpp: 4.6.6 (/opt/ros/jazzy/share/rosidl_generator_cpp/cmake)
[0.198s] -- Using all available rosidl_typesupport_c: rosidl_typesupport_fastrtps_c;rosidl_typesupport_introspection_c
[0.206s] -- Using all available rosidl_typesupport_cpp: rosidl_typesupport_fastrtps_cpp;rosidl_typesupport_introspection_cpp
[0.242s] -- Found rmw_implementation_cmake: 7.3.2 (/opt/ros/jazzy/share/rmw_implementation_cmake/cmake)
[0.242s] -- Found rmw_fastrtps_cpp: 8.4.3 (/opt/ros/jazzy/share/rmw_fastrtps_cpp/cmake)
[0.284s] -- Using RMW implementation 'rmw_fastrtps_cpp' as default
[0.322s] -- Found rclcpp_action: 28.1.11 (/opt/ros/jazzy/share/rclcpp_action/cmake)
[0.345s] -- Found std_msgs: 5.3.6 (/opt/ros/jazzy/share/std_msgs/cmake)
[0.353s] -- Found ament_lint_auto: 0.17.3 (/opt/ros/jazzy/share/ament_lint_auto/cmake)
[0.407s] -- Added test 'cppcheck' to perform static code analysis on C / C++ code
[0.407s] -- Configured cppcheck include dirs: 
[0.407s] -- Configured cppcheck exclude dirs and/or files: 
[0.407s] -- Added test 'lint_cmake' to check CMake code style
[0.408s] -- Added test 'uncrustify' to check C / C++ code style
[0.408s] -- Configured uncrustify additional arguments: 
[0.408s] -- Added test 'xmllint' to check XML markup files
[0.408s] -- Configuring done (0.4s)
[0.415s] -- Generating done (0.0s)
[0.418s] -- Build files have been written to: /home/broodjesemih/ros2_ws/build/les_pkg
[0.444s] [ 25%] [32mBuilding CXX object CMakeFiles/clock.dir/src/clock.cpp.o[0m
[0.451s] [ 75%] Built target template_general
[1.538s] In file included from [01m[K/opt/ros/jazzy/include/rclcpp/rclcpp/logging.hpp:24[m[K,
[1.538s]                  from [01m[K/opt/ros/jazzy/include/rclcpp/rclcpp/copy_all_parameter_values.hpp:27[m[K,
[1.538s]                  from [01m[K/opt/ros/jazzy/include/rclcpp/rclcpp/rclcpp.hpp:171[m[K,
[1.538s]                  from [01m[K/home/broodjesemih/ros2_ws/src/les_pkg/src/clock.cpp:23[m[K:
[1.538s] [01m[K/home/broodjesemih/ros2_ws/src/les_pkg/src/clock.cpp:[m[K In member function ‘[01m[Kvoid Clock::[01;32m[Kcustom_example[m[K()[m[K’:
[1.538s] [01m[K/home/broodjesemih/ros2_ws/src/les_pkg/src/clock.cpp:62:49:[m[K [01;35m[Kwarning: [m[Kformat ‘[01m[K%d[m[K’ expects argument of type ‘[01m[Kint[m[K’, but argument 5 has type ‘[01m[Kdouble[m[K’ [[01;35m[K]8;;https://gcc.gnu.org/onlinedocs/gcc/Warning-Options.html#index-Wformat=-Wformat=]8;;[m[K]
[1.539s]    62 |                 RCLCPP_INFO(this->get_logger() ,[01;35m[K"Current time: %d sec and %d nanosec"[m[K, [32m[Kmy_time.seconds()[m[K, my_time.nanoseconds());
[1.539s]       |                                                 [01;35m[K^~~~~~~~~~~~~~~~~~~~~~~~~~~~~~~~~~~~~[m[K  [32m[K~~~~~~~~~~~~~~~~~[m[K
[1.539s]       |                                                                                                       [32m[K|[m[K
[1.539s]       |                                                                                                       [32m[Kdouble[m[K
[1.539s] [01m[K/home/broodjesemih/ros2_ws/src/les_pkg/src/clock.cpp:62:65:[m[K [01;36m[Knote: [m[Kformat string is defined here
[1.539s]    62 |                 RCLCPP_INFO(this->get_logger() ,"Current time: [01;36m[K%d[m[K sec and %d nanosec", my_time.seconds(), my_time.nanoseconds());
[1.539s]       |                                                                [01;36m[K~^[m[K
[1.539s]       |                                                                 [01;36m[K|[m[K
[1.539s]       |                                                                 [01;36m[Kint[m[K
[1.539s]       |                                                                [32m[K%f[m[K
[1.539s] [01m[K/home/broodjesemih/ros2_ws/src/les_pkg/src/clock.cpp:62:49:[m[K [01;35m[Kwarning: [m[Kformat ‘[01m[K%d[m[K’ expects argument of type ‘[01m[Kint[m[K’, but argument 6 has type ‘[01m[Krcl_time_point_value_t[m[K’ {aka ‘[01m[Klong int[m[K’} [[01;35m[K]8;;https://gcc.gnu.org/onlinedocs/gcc/Warning-Options.html#index-Wformat=-Wformat=]8;;[m[K]
[1.539s]    62 |                 RCLCPP_INFO(this->get_logger() ,[01;35m[K"Current time: %d sec and %d nanosec"[m[K, my_time.seconds(), [32m[Kmy_time.nanoseconds()[m[K);
[1.539s]       |                                                 [01;35m[K^~~~~~~~~~~~~~~~~~~~~~~~~~~~~~~~~~~~~[m[K                     [32m[K~~~~~~~~~~~~~~~~~~~~~[m[K
[1.539s]       |                                                                                                                              [32m[K|[m[K
[1.539s]       |                                                                                                                              [32m[Krcl_time_point_value_t {aka long int}[m[K
[1.539s] [01m[K/home/broodjesemih/ros2_ws/src/les_pkg/src/clock.cpp:62:76:[m[K [01;36m[Knote: [m[Kformat string is defined here
[1.539s]    62 |                 RCLCPP_INFO(this->get_logger() ,"Current time: %d sec and [01;36m[K%d[m[K nanosec", my_time.seconds(), my_time.nanoseconds());
[1.539s]       |                                                                           [01;36m[K~^[m[K
[1.539s]       |                                                                            [01;36m[K|[m[K
[1.539s]       |                                                                            [01;36m[Kint[m[K
[1.539s]       |                                                                           [32m[K%ld[m[K
[1.930s] [100%] [32m[1mLinking CXX executable clock[0m
[2.003s] [100%] Built target clock
[2.013s] Invoked command in '/home/broodjesemih/ros2_ws/build/les_pkg' returned '0': CMAKE_PREFIX_PATH=${CMAKE_PREFIX_PATH}:/opt/ros/jazzy DEBUGINFOD_URLS=https://debuginfod.ubuntu.com /usr/bin/cmake --build /home/broodjesemih/ros2_ws/build/les_pkg -- -j20 -l20
[2.019s] Invoking command in '/home/broodjesemih/ros2_ws/build/les_pkg': CMAKE_PREFIX_PATH=${CMAKE_PREFIX_PATH}:/opt/ros/jazzy DEBUGINFOD_URLS=https://debuginfod.ubuntu.com /usr/bin/cmake --install /home/broodjesemih/ros2_ws/build/les_pkg
[2.025s] -- Install configuration: ""
[2.025s] -- Up-to-date: /home/broodjesemih/ros2_ws/install/les_pkg/lib/les_pkg/template_general
[2.025s] -- Installing: /home/broodjesemih/ros2_ws/install/les_pkg/lib/les_pkg/clock
[2.026s] -- Set non-toolchain portion of runtime path of "/home/broodjesemih/ros2_ws/install/les_pkg/lib/les_pkg/clock" to ""
[2.026s] -- Up-to-date: /home/broodjesemih/ros2_ws/install/les_pkg/share/ament_index/resource_index/package_run_dependencies/les_pkg
[2.026s] -- Up-to-date: /home/broodjesemih/ros2_ws/install/les_pkg/share/ament_index/resource_index/parent_prefix_path/les_pkg
[2.026s] -- Up-to-date: /home/broodjesemih/ros2_ws/install/les_pkg/share/les_pkg/environment/ament_prefix_path.sh
[2.026s] -- Up-to-date: /home/broodjesemih/ros2_ws/install/les_pkg/share/les_pkg/environment/ament_prefix_path.dsv
[2.026s] -- Up-to-date: /home/broodjesemih/ros2_ws/install/les_pkg/share/les_pkg/environment/path.sh
[2.026s] -- Up-to-date: /home/broodjesemih/ros2_ws/install/les_pkg/share/les_pkg/environment/path.dsv
[2.026s] -- Up-to-date: /home/broodjesemih/ros2_ws/install/les_pkg/share/les_pkg/local_setup.bash
[2.026s] -- Up-to-date: /home/broodjesemih/ros2_ws/install/les_pkg/share/les_pkg/local_setup.sh
[2.026s] -- Up-to-date: /home/broodjesemih/ros2_ws/install/les_pkg/share/les_pkg/local_setup.zsh
[2.026s] -- Up-to-date: /home/broodjesemih/ros2_ws/install/les_pkg/share/les_pkg/local_setup.dsv
[2.027s] -- Installing: /home/broodjesemih/ros2_ws/install/les_pkg/share/les_pkg/package.dsv
[2.027s] -- Up-to-date: /home/broodjesemih/ros2_ws/install/les_pkg/share/ament_index/resource_index/packages/les_pkg
[2.027s] -- Up-to-date: /home/broodjesemih/ros2_ws/install/les_pkg/share/les_pkg/cmake/les_pkgConfig.cmake
[2.027s] -- Up-to-date: /home/broodjesemih/ros2_ws/install/les_pkg/share/les_pkg/cmake/les_pkgConfig-version.cmake
[2.027s] -- Up-to-date: /home/broodjesemih/ros2_ws/install/les_pkg/share/les_pkg/package.xml
[2.028s] Invoked command in '/home/broodjesemih/ros2_ws/build/les_pkg' returned '0': CMAKE_PREFIX_PATH=${CMAKE_PREFIX_PATH}:/opt/ros/jazzy DEBUGINFOD_URLS=https://debuginfod.ubuntu.com /usr/bin/cmake --install /home/broodjesemih/ros2_ws/build/les_pkg
